<?xml version="1.0" encoding="UTF-8" ?>
<testsuite errors="1" failures="0" hostname="Dan_Laptop" name="sample.UtilsJUnit3Test" skipped="0" tests="3" time="1.703" timestamp="2016-04-13T21:29:47">
  <properties>
    <property name="netbeans.autoupdate.country" value="US" />
    <property name="javac.test.classpath" value=":build/classes:C:\Program Files\NetBeans 8.1\platform\modules\ext\junit-4.12.jar:${libs.junit.classpath}:C:\Program Files\NetBeans 8.1\platform\modules\ext\hamcrest-core-1.3.jar" />
    <property name="ant.core.lib" value="C:\Program Files\NetBeans 8.1\extide\ant\lib\ant.jar" />
    <property name="javadoc.windowtitle" value="" />
    <property name="user.dir" value="C:\Users\djp217\Downloads\JUnitSampleSol" />
    <property name="java.vm.version" value="25.60-b23" />
    <property name="libs.MySQLDriver.classpath" value="C:\Program Files\NetBeans 8.1\ide\modules\ext\mysql-connector-java-5.1.23-bin.jar" />
    <property name="libs.eclipselinkmodelgen.src" value="" />
    <property name="javadoc.notree" value="false" />
    <property name="netbeans.autoupdate.version" value="1.23" />
    <property name="javac.profile.cmd.line.arg" value="" />
    <property name="jdk.home" value="C:\Program Files\Java\jdk1.8.0_60" />
    <property name="libs.javac-api.src" value="" />
    <property name="javadoc.noindex" value="false" />
    <property name="libs.jpa2-persistence.classpath" value="C:\Program Files\NetBeans 8.1\java\modules\ext\hibernate4\hibernate-jpa-2.1-api-1.0.0.Final.jar" />
    <property name="sun.os.patch.level" value="" />
    <property name="java.vm.specification.name" value="Java Virtual Machine Specification" />
    <property name="nb.show.statistics.ui" value="usageStatisticsEnabled" />
    <property name="netbeans.autoupdate.variant" value="" />
    <property name="have.tests" value="true" />
    <property name="org.xml.sax.driver" value="com.sun.org.apache.xerces.internal.jaxp.SAXParserImpl$JAXPSAXParser" />
    <property name="libs.hamcrest.classpath" value="C:\Program Files\NetBeans 8.1\platform\modules\ext\hamcrest-core-1.3.jar" />
    <property name="libs.javac-api.javadoc" value="" />
    <property name="os.name" value="Windows 8.1" />
    <property name="libs.beans-binding.classpath" value="C:\Program Files\NetBeans 8.1\java\modules\ext\beansbinding-1.2.1.jar" />
    <property name="libs.JWSAntTasks.maven-pom" value="" />
    <property name="libs.testng.src" value="" />
    <property name="java.vendor.url.bug" value="http://bugreport.sun.com/bugreport/" />
    <property name="libs.jaxb.maven-pom" value="" />
    <property name="os.arch" value="amd64" />
    <property name="libs.eclipselink.src" value="" />
    <property name="user.name" value="djp217" />
    <property name="copylibs.rebase" value="true" />
    <property name="ant.file.JUnitSampleSol" value="C:\Users\djp217\Downloads\JUnitSampleSol\build.xml" />
    <property name="libs.swing-layout.maven-pom" value="" />
    <property name="sun.java.command" value="org.apache.tools.ant.taskdefs.optional.junit.JUnitTestRunner sample.UtilsJUnit3Test skipNonTests=false filtertrace=true haltOnError=false haltOnFailure=false showoutput=true outputtoformatters=true logfailedtests=true threadid=0 logtestlistenerevents=true formatter=org.apache.tools.ant.taskdefs.optional.junit.BriefJUnitResultFormatter formatter=org.apache.tools.ant.taskdefs.optional.junit.XMLJUnitResultFormatter,C:\Users\djp217\Downloads\JUnitSampleSol\build\test\results\TEST-sample.UtilsJUnit3Test.xml crashfile=C:\Users\djp217\Downloads\JUnitSampleSol\build\junitvmwatcher3795666712714222530.properties propsfile=C:\Users\djp217\Downloads\JUnitSampleSol\build\junit6868310173650341978.properties" />
    <property name="build.classes.dir" value="build/classes" />
    <property name="netbeans.accept_license_class" value="org.netbeans.license.AcceptLicense" />
    <property name="build.sysclasspath" value="ignore" />
    <property name="java.failonerror" value="true" />
    <property name="libs.jaxws21.javadoc" value="C:\Program Files\NetBeans 8.1\java\docs\jaxws-api-doc.zip" />
    <property name="includes" value="**" />
    <property name="user.country" value="US" />
    <property name="javadoc.encoding" value="UTF-8" />
    <property name="javac.classpath" value="" />
    <property name="libs.spring-framework400.classpath" value="C:\Program Files\NetBeans 8.1\ide\modules\org-apache-commons-logging.jar;C:\Program Files\NetBeans 8.1\java\modules\ext\cglib-2.2.jar;C:\Program Files\NetBeans 8.1\java\modules\ext\spring-4\spring-aop-4.0.1.RELEASE.jar;C:\Program Files\NetBeans 8.1\java\modules\ext\spring-4\spring-aspects-4.0.1.RELEASE.jar;C:\Program Files\NetBeans 8.1\java\modules\ext\spring-4\spring-beans-4.0.1.RELEASE.jar;C:\Program Files\NetBeans 8.1\java\modules\ext\spring-4\spring-build-src-4.0.1.RELEASE.jar;C:\Program Files\NetBeans 8.1\java\modules\ext\spring-4\spring-context-4.0.1.RELEASE.jar;C:\Program Files\NetBeans 8.1\java\modules\ext\spring-4\spring-context-support-4.0.1.RELEASE.jar;C:\Program Files\NetBeans 8.1\java\modules\ext\spring-4\spring-core-4.0.1.RELEASE.jar;C:\Program Files\NetBeans 8.1\java\modules\ext\spring-4\spring-expression-4.0.1.RELEASE.jar;C:\Program Files\NetBeans 8.1\java\modules\ext\spring-4\spring-framework-bom-4.0.1.RELEASE.jar;C:\Program Files\NetBeans 8.1\java\modules\ext\spring-4\spring-instrument-4.0.1.RELEASE.jar;C:\Program Files\NetBeans 8.1\java\modules\ext\spring-4\spring-instrument-tomcat-4.0.1.RELEASE.jar;C:\Program Files\NetBeans 8.1\java\modules\ext\spring-4\spring-jdbc-4.0.1.RELEASE.jar;C:\Program Files\NetBeans 8.1\java\modules\ext\spring-4\spring-jms-4.0.1.RELEASE.jar;C:\Program Files\NetBeans 8.1\java\modules\ext\spring-4\spring-messaging-4.0.1.RELEASE.jar;C:\Program Files\NetBeans 8.1\java\modules\ext\spring-4\spring-orm-4.0.1.RELEASE.jar;C:\Program Files\NetBeans 8.1\java\modules\ext\spring-4\spring-oxm-4.0.1.RELEASE.jar;C:\Program Files\NetBeans 8.1\java\modules\ext\spring-4\spring-test-4.0.1.RELEASE.jar;C:\Program Files\NetBeans 8.1\java\modules\ext\spring-4\spring-tx-4.0.1.RELEASE.jar;C:\Program Files\NetBeans 8.1\java\modules\ext\spring-4\spring-web-4.0.1.RELEASE.jar;C:\Program Files\NetBeans 8.1\java\modules\ext\spring-4\spring-webmvc-4.0.1.RELEASE.jar;C:\Program Files\NetBeans 8.1\java\modules\ext\spring-4\spring-webmvc-portlet-4.0.1.RELEASE.jar;C:\Program Files\NetBeans 8.1\java\modules\ext\spring-4\spring-websocket-4.0.1.RELEASE.jar" />
    <property name="debug-transport" value="dt_shmem" />
    <property name="netbeans.home" value="C:\Program Files\NetBeans 8.1\platform" />
    <property name="build.compiler.emacs" value="true" />
    <property name="java.endorsed.dirs" value="C:\Program Files\Java\jdk1.8.0_60\jre\lib\endorsed" />
    <property name="netbeans.dynamic.classpath" value="C:\Program Files\NetBeans 8.1\platform\core\asm-all-5.0.1.jar;C:\Program Files\NetBeans 8.1\platform\core\core-base.jar;C:\Program Files\NetBeans 8.1\platform\core\core.jar;C:\Program Files\NetBeans 8.1\platform\core\org-netbeans-libs-asm.jar;C:\Program Files\NetBeans 8.1\platform\core\org-openide-filesystems-compat8.jar;C:\Program Files\NetBeans 8.1\platform\core\org-openide-filesystems.jar;C:\Program Files\NetBeans 8.1\platform\core\locale\core-base_ja.jar;C:\Program Files\NetBeans 8.1\platform\core\locale\core-base_pt_BR.jar;C:\Program Files\NetBeans 8.1\platform\core\locale\core-base_ru.jar;C:\Program Files\NetBeans 8.1\platform\core\locale\core-base_zh_CN.jar;C:\Program Files\NetBeans 8.1\platform\core\locale\core_ja.jar;C:\Program Files\NetBeans 8.1\platform\core\locale\core_pt_BR.jar;C:\Program Files\NetBeans 8.1\platform\core\locale\core_ru.jar;C:\Program Files\NetBeans 8.1\platform\core\locale\core_zh_CN.jar;C:\Program Files\NetBeans 8.1\platform\core\locale\org-netbeans-libs-asm_ja.jar;C:\Program Files\NetBeans 8.1\platform\core\locale\org-netbeans-libs-asm_pt_BR.jar;C:\Program Files\NetBeans 8.1\platform\core\locale\org-netbeans-libs-asm_ru.jar;C:\Program Files\NetBeans 8.1\platform\core\locale\org-netbeans-libs-asm_zh_CN.jar;C:\Program Files\NetBeans 8.1\platform\core\locale\org-openide-filesystems-compat8_ja.jar;C:\Program Files\NetBeans 8.1\platform\core\locale\org-openide-filesystems-compat8_pt_BR.jar;C:\Program Files\NetBeans 8.1\platform\core\locale\org-openide-filesystems-compat8_ru.jar;C:\Program Files\NetBeans 8.1\platform\core\locale\org-openide-filesystems-compat8_zh_CN.jar;C:\Program Files\NetBeans 8.1\platform\core\locale\org-openide-filesystems_ja.jar;C:\Program Files\NetBeans 8.1\platform\core\locale\org-openide-filesystems_pt_BR.jar;C:\Program Files\NetBeans 8.1\platform\core\locale\org-openide-filesystems_ru.jar;C:\Program Files\NetBeans 8.1\platform\core\locale\org-openide-filesystems_zh_CN.jar;C:\Program Files\NetBeans 8.1\nb\core\org-netbeans-upgrader.jar;C:\Program Files\NetBeans 8.1\nb\core\locale\core_nb.jar;C:\Program Files\NetBeans 8.1\nb\core\locale\core_nb_ja.jar;C:\Program Files\NetBeans 8.1\nb\core\locale\core_nb_pt_BR.jar;C:\Program Files\NetBeans 8.1\nb\core\locale\core_nb_ru.jar;C:\Program Files\NetBeans 8.1\nb\core\locale\core_nb_zh_CN.jar;C:\Program Files\NetBeans 8.1\nb\core\locale\org-netbeans-upgrader_ja.jar;C:\Program Files\NetBeans 8.1\nb\core\locale\org-netbeans-upgrader_pt_BR.jar;C:\Program Files\NetBeans 8.1\nb\core\locale\org-netbeans-upgrader_ru.jar;C:\Program Files\NetBeans 8.1\nb\core\locale\org-netbeans-upgrader_zh_CN.jar" />
    <property name="java.vm.specification.version" value="1.8" />
    <property name="libs.hibernate4-support.src" value="" />
    <property name="ant.file.JUnitSampleSol-impl" value="C:\Users\djp217\Downloads\JUnitSampleSol\nbproject\build-impl.xml" />
    <property name="netbeans.productversion" value="NetBeans IDE 8.1 (Build 201510222201)" />
    <property name="libs.jaxws21.src" value="" />
    <property name="do.archive" value="true" />
    <property name="netbeans.autoupdate.language" value="en" />
    <property name="java.vendor" value="Oracle Corporation" />
    <property name="jar.index.metainf" value="false" />
    <property name="javac.debug" value="true" />
    <property name="javadoc.splitindex" value="true" />
    <property name="file.separator" value="\" />
    <property name="libs.junit_4.maven-pom" value="" />
    <property name="javac.test.processorpath" value=":build/classes:C:\Program Files\NetBeans 8.1\platform\modules\ext\junit-4.12.jar:${libs.junit.classpath}:C:\Program Files\NetBeans 8.1\platform\modules\ext\hamcrest-core-1.3.jar" />
    <property name="netbeans.buildnumber" value="201510222201" />
    <property name="libs.JWSAntTasks.javadoc" value="" />
    <property name="build.generated.sources.dir" value="build/generated-sources" />
    <property name="user.variant" value="" />
    <property name="libs.eclipselinkmodelgen.classpath" value="C:\Program Files\NetBeans 8.1\java\modules\ext\eclipselink\org.eclipse.persistence.jpa.modelgen_2.5.2.v20140319-9ad6abd.jar" />
    <property name="sun.java.launcher" value="SUN_STANDARD" />
    <property name="libs.hibernate4-persistencemodelgen.javadoc" value="" />
    <property name="libs.jaxb.javadoc" value="C:\Program Files\NetBeans 8.1\ide\docs\jaxb-api-doc.zip" />
    <property name="org.openide.awt.SwingBrowserImpl.do-not-block-awt" value="false" />
    <property name="ant.home" value="C:\Program Files\NetBeans 8.1\extide\ant" />
    <property name="libs.junit_4.src" value="C:\Program Files\NetBeans 8.1\platform\docs\junit-4.12-sources.jar" />
    <property name="libs.testng.classpath" value="C:\Program Files\NetBeans 8.1\platform\modules\ext\testng-6.8.1-dist.jar" />
    <property name="libs.absolutelayout.maven-pom" value="" />
    <property name="ant.java.version" value="1.8" />
    <property name="java.library.path" value="C:\Program Files\Java\jdk1.8.0_60\jre\bin;C:\windows\Sun\Java\bin;C:\windows\system32;C:\windows;C:\ProgramData\Oracle\Java\javapath;C:\Program Files (x86)\Intel\iCLS Client\;C:\Program Files\Intel\iCLS Client\;C:\Program Files (x86)\NVIDIA Corporation\PhysX\Common;C:\windows\system32;C:\windows;C:\windows\System32\Wbem;C:\windows\System32\WindowsPowerShell\v1.0\;C:\Program Files\Intel\Intel(R) Management Engine Components\DAL;C:\Program Files\Intel\Intel(R) Management Engine Components\IPT;C:\Program Files (x86)\Intel\Intel(R) Management Engine Components\DAL;C:\Program Files (x86)\Intel\Intel(R) Management Engine Components\IPT;C:\Program Files\Intel\WiFi\bin\;C:\Program Files\Common Files\Intel\WirelessCommon\;C:\Program Files\Condusiv Technologies\ExpressCache\;C:\Program Files (x86)\SSH Communications Security\SSH Secure Shell;.;;." />
    <property name="javadoc.author" value="false" />
    <property name="java.util.logging.config.class" value="org.netbeans.core.startup.TopLogging" />
    <property name="libs.spring-framework400.src" value="" />
    <property name="libs.PostgreSQLDriver.src" value="" />
    <property name="sun.arch.data.model" value="64" />
    <property name="basedir" value="C:\Users\djp217\Downloads\JUnitSampleSol" />
    <property name="libs.jpa20-persistence.maven-pom" value="" />
    <property name="jar.compress" value="false" />
    <property name="path.separator" value=";" />
    <property name="ant.junit.enabletestlistenerevents" value="true" />
    <property name="sun.io.unicode.encoding" value="UnicodeLittle" />
    <property name="libs.jaxws21.classpath" value="C:\Program Files\NetBeans 8.1\ide\modules\ext\jaxb\jaxb-impl.jar;C:\Program Files\NetBeans 8.1\ide\modules\ext\jaxb\jaxb-xjc.jar;C:\Program Files\NetBeans 8.1\java\modules\ext\jaxws22\FastInfoset.jar;C:\Program Files\NetBeans 8.1\java\modules\ext\jaxws22\gmbal-api-only.jar;C:\Program Files\NetBeans 8.1\java\modules\ext\jaxws22\ha-api.jar;C:\Program Files\NetBeans 8.1\java\modules\ext\jaxws22\javax.mail_1.4.jar;C:\Program Files\NetBeans 8.1\java\modules\ext\jaxws22\jaxws-rt.jar;C:\Program Files\NetBeans 8.1\java\modules\ext\jaxws22\jaxws-tools.jar;C:\Program Files\NetBeans 8.1\java\modules\ext\jaxws22\management-api.jar;C:\Program Files\NetBeans 8.1\java\modules\ext\jaxws22\mimepull.jar;C:\Program Files\NetBeans 8.1\java\modules\ext\jaxws22\policy.jar;C:\Program Files\NetBeans 8.1\java\modules\ext\jaxws22\saaj-impl.jar;C:\Program Files\NetBeans 8.1\java\modules\ext\jaxws22\stax-ex.jar;C:\Program Files\NetBeans 8.1\java\modules\ext\jaxws22\stax2-api.jar;C:\Program Files\NetBeans 8.1\java\modules\ext\jaxws22\streambuffer.jar;C:\Program Files\NetBeans 8.1\java\modules\ext\jaxws22\woodstox-core-asl.jar;C:\Program Files\NetBeans 8.1\java\modules\ext\jaxws22\api\jaxws-api.jar;C:\Program Files\NetBeans 8.1\java\modules\ext\jaxws22\api\jsr181-api.jar;C:\Program Files\NetBeans 8.1\java\modules\ext\jaxws22\api\javax.annotation.jar;C:\Program Files\NetBeans 8.1\java\modules\ext\jaxws22\api\saaj-api.jar;C:\Program Files\NetBeans 8.1\ide\modules\ext\jaxb\activation.jar;C:\Program Files\NetBeans 8.1\ide\modules\ext\jaxb\api\jaxb-api.jar;C:\Program Files\NetBeans 8.1\ide\modules\ext\jaxb\api\jsr173_1.0_api.jar" />
    <property name="apple.awt.graphics.UseQuartz" value="true" />
    <property name="user.language" value="en" />
    <property name="testng.mode" value="testng" />
    <property name="libs.JAXB-ENDORSED.maven-pom" value="" />
    <property name="libs.eclipselink.maven-pom" value="" />
    <property name="test.binaryincludes" value="&lt;nothing&gt;" />
    <property name="libs.spring-framework300.maven-pom" value="" />
    <property name="run.test.classpath" value=":build/classes:C:\Program Files\NetBeans 8.1\platform\modules\ext\junit-4.12.jar:${libs.junit.classpath}:C:\Program Files\NetBeans 8.1\platform\modules\ext\hamcrest-core-1.3.jar:build/test/classes" />
    <property name="ant.project.invoked-targets" value="test" />
    <property name="test.binaryexcludes" value="" />
    <property name="libs.swing-layout.javadoc" value="C:\Program Files\NetBeans 8.1\platform\docs\swing-layout-1.0.4-doc.zip" />
    <property name="sun.java2d.dpiaware" value="true" />
    <property name="libs.hibernate4-persistence.maven-pom" value="" />
    <property name="https.nonProxyHosts" value="localhost|127.0.0.1|Dan_Laptop" />
    <property name="libs.PostgreSQLDriver.maven-pom" value="" />
    <property name="java.class.version" value="52.0" />
    <property name="libs.hibernate4-persistencemodelgen.maven-pom" value="" />
    <property name="libs.eclipselink.javadoc" value="C:\Program Files\NetBeans 8.1\java\modules\ext\docs\javax.persistence-2.1.0-doc.zip" />
    <property name="user.properties.file" value="C:\Users\djp217\AppData\Roaming\NetBeans\8.1\build.properties" />
    <property name="runtime.encoding" value="UTF-8" />
    <property name="libs.javac-api.maven-pom" value="" />
    <property name="file.encoding.pkg" value="sun.io" />
    <property name="sun.cpu.endian" value="little" />
    <property name="libs.JAXB-ENDORSED.javadoc" value="" />
    <property name="libs.JWSAntTasks.classpath" value="C:\Program Files\NetBeans 8.1\java\ant\extra\org-netbeans-modules-javawebstart-anttasks.jar" />
    <property name="libs.spring-framework300.src" value="" />
    <property name="empty.dir" value="C:\Users\djp217\Downloads\JUnitSampleSol\build\empty" />
    <property name="version-output" value="java version &quot;1.8" />
    <property name="test.binarytestincludes" value="" />
    <property name="libs.hibernate4-persistencemodelgen.src" value="" />
    <property name="javadoc.preview" value="true" />
    <property name="libs.jpa20-persistence.javadoc" value="C:\Program Files\NetBeans 8.1\java\modules\ext\docs\javax.persistence-2.1.0-doc.zip" />
    <property name="java.home" value="C:\Program Files\Java\jdk1.8.0_60\jre" />
    <property name="debug.test.classpath" value=":build/classes:C:\Program Files\NetBeans 8.1\platform\modules\ext\junit-4.12.jar:${libs.junit.classpath}:C:\Program Files\NetBeans 8.1\platform\modules\ext\hamcrest-core-1.3.jar:build/test/classes" />
    <property name="javafx.version" value="8.0.60" />
    <property name="netbeans.importclass" value="org.netbeans.upgrade.AutoUpgrade" />
    <property name="ant.project.default-target" value="default" />
    <property name="annotation.processing.run.all.processors" value="true" />
    <property name="platforms.JDK_1.8_v45.bootclasspath" value="C:\Program Files\Java\jdk1.8.0_60\jre\lib\resources.jar;C:\Program Files\Java\jdk1.8.0_60\jre\lib\rt.jar;C:\Program Files\Java\jdk1.8.0_60\jre\lib\sunrsasign.jar;C:\Program Files\Java\jdk1.8.0_60\jre\lib\jsse.jar;C:\Program Files\Java\jdk1.8.0_60\jre\lib\jce.jar;C:\Program Files\Java\jdk1.8.0_60\jre\lib\charsets.jar;C:\Program Files\Java\jdk1.8.0_60\jre\lib\jfr.jar;C:\Program Files\Java\jdk1.8.0_60\jre\classes;C:\Program Files\Java\jdk1.8.0_60\jre\lib\ext\access-bridge-64.jar;C:\Program Files\Java\jdk1.8.0_60\jre\lib\ext\cldrdata.jar;C:\Program Files\Java\jdk1.8.0_60\jre\lib\ext\dnsns.jar;C:\Program Files\Java\jdk1.8.0_60\jre\lib\ext\jaccess.jar;C:\Program Files\Java\jdk1.8.0_60\jre\lib\ext\jfxrt.jar;C:\Program Files\Java\jdk1.8.0_60\jre\lib\ext\localedata.jar;C:\Program Files\Java\jdk1.8.0_60\jre\lib\ext\nashorn.jar;C:\Program Files\Java\jdk1.8.0_60\jre\lib\ext\sunec.jar;C:\Program Files\Java\jdk1.8.0_60\jre\lib\ext\sunjce_provider.jar;C:\Program Files\Java\jdk1.8.0_60\jre\lib\ext\sunmscapi.jar;C:\Program Files\Java\jdk1.8.0_60\jre\lib\ext\sunpkcs11.jar;C:\Program Files\Java\jdk1.8.0_60\jre\lib\ext\zipfs.jar" />
    <property name="libs.PostgreSQLDriver.javadoc" value="" />
    <property name="libs.MySQLDriver.maven-pom" value="" />
    <property name="libs.hibernate4-persistence.javadoc" value="C:\Program Files\NetBeans 8.1\java\modules\ext\docs\javax.persistence-2.1.0-doc.zip" />
    <property name="http.nonProxyHosts" value="localhost|127.0.0.1|Dan_Laptop" />
    <property name="libs.junit_4.javadoc" value="C:\Program Files\NetBeans 8.1\platform\docs\junit-4.12-javadoc.jar" />
    <property name="run.classpath" value=":build/classes" />
    <property name="jna.boot.library.name" value="jnidispatch-410" />
    <property name="sun.awt.datatransfer.timeout" value="1000" />
    <property name="libs.jpa2-persistence.maven-pom" value="" />
    <property name="libs.hibernate4-support.classpath" value="C:\Program Files\NetBeans 8.1\java\modules\ext\hibernate4\antlr-2.7.7.jar;C:\Program Files\NetBeans 8.1\java\modules\ext\hibernate4\c3p0-0.9.2.1.jar;C:\Program Files\NetBeans 8.1\java\modules\ext\hibernate4\hibernate-c3p0-4.3.1.Final.jar;C:\Program Files\NetBeans 8.1\java\modules\ext\hibernate4\mchange-commons-java-0.2.3.4.jar;C:\Program Files\NetBeans 8.1\java\modules\ext\hibernate4\dom4j-1.6.1.jar;C:\Program Files\NetBeans 8.1\java\modules\ext\hibernate4\ehcache-core-2.4.3.jar;C:\Program Files\NetBeans 8.1\java\modules\ext\hibernate4\hibernate-ehcache-4.3.1.Final.jar;C:\Program Files\NetBeans 8.1\java\modules\ext\hibernate4\hibernate-core-4.3.1.Final.jar;C:\Program Files\NetBeans 8.1\java\modules\ext\hibernate4\jboss-logging-3.1.3.GA.jar;C:\Program Files\NetBeans 8.1\java\modules\ext\hibernate4\hibernate-commons-annotations-4.0.4.Final.jar;C:\Program Files\NetBeans 8.1\java\modules\ext\hibernate4\hibernate-entitymanager-4.3.1.Final.jar;C:\Program Files\NetBeans 8.1\java\modules\ext\hibernate4\javassist-3.18.1-GA.jar;C:\Program Files\NetBeans 8.1\java\modules\ext\hibernate4\jboss-transaction-api_1.2_spec-1.0.0.Final.jar;C:\Program Files\NetBeans 8.1\java\modules\ext\hibernate4\slf4j-api-1.6.1.jar;C:\Program Files\NetBeans 8.1\java\modules\ext\hibernate4\slf4j-simple-1.6.1.jar" />
    <property name="nb.native.filechooser" value="false" />
    <property name="sun.management.compiler" value="HotSpot 64-Bit Tiered Compilers" />
    <property name="javac.deprecation" value="false" />
    <property name="javadoc.use" value="true" />
    <property name="sun.java2d.noddraw" value="true" />
    <property name="javac.processorpath" value="" />
    <property name="libs.hamcrest.maven-pom" value="" />
    <property name="javac.compilerargs" value="" />
    <property name="ant.file" value="C:\Users\djp217\Downloads\JUnitSampleSol\build.xml" />
    <property name="libs.beans-binding.maven-pom" value="" />
    <property name="libs.hibernate4-support.javadoc" value="C:\Program Files\NetBeans 8.1\java\modules\ext\docs\javax.persistence-2.1.0-doc.zip" />
    <property name="libs.beans-binding.src" value="" />
    <property name="ant.file.type.JUnitSampleSol" value="file" />
    <property name="java.vm.specification.vendor" value="Oracle Corporation" />
    <property name="libs.swing-layout.src" value="C:\Program Files\NetBeans 8.1\platform\docs\swing-layout-1.0.4-src.zip" />
    <property name="org.openide.major.version" value="IDE/1" />
    <property name="java.vm.name" value="Java HotSpot(TM) 64-Bit Server VM" />
    <property name="netbeans.user" value="C:\Users\djp217\AppData\Roaming\NetBeans\8.1" />
    <property name="javadoc.additionalparam" value="" />
    <property name="java.io.tmpdir" value="C:\Users\djp217\AppData\Local\Temp\" />
    <property name="java.vendor.url" value="http://java.oracle.com/" />
    <property name="endorsed.classpath.cmd.line.arg" value="" />
    <property name="junit.available" value="true" />
    <property name="org.openide.awt.ActionReference.completion" value="org.netbeans.modules.apisupport.project.layers.PathCompletions" />
    <property name="sun.boot.library.path" value="C:\Program Files\Java\jdk1.8.0_60\jre\bin" />
    <property name="have.sources" value="true" />
    <property name="libs.hamcrest.javadoc" value="" />
    <property name="debug.classpath" value=":build/classes" />
    <property name="javadoc.private" value="false" />
    <property name="javafx.runtime.version" value="8.0.60-b27" />
    <property name="test.src.dir" value="test" />
    <property name="meta.inf.dir" value="src/META-INF" />
    <property name="javadoc.encoding.used" value="UTF-8" />
    <property name="dist.jar" value="dist/JUnitSampleSol.jar" />
    <property name="libs.spring-framework400.maven-pom" value="" />
    <property name="java.runtime.name" value="Java(TM) SE Runtime Environment" />
    <property name="ant.project.name" value="JUnitSampleSol" />
    <property name="netbeans.hash.code" value="unique=NB_EXTIDE_JAVA0efce4ff7-c495-42bc-b1cb-a47a3cfa8130_6bcc114f-7944-4914-bbe6-f920c15983ce" />
    <property name="netbeans.default_userdir_root" value="C:\Users\djp217\AppData\Roaming\NetBeans" />
    <property name="junit.selected.version" value="4" />
    <property name="sun.cpu.isalist" value="amd64" />
    <property name="libs.spring-framework400.javadoc" value="" />
    <property name="libs.CopyLibs.javadoc" value="" />
    <property name="org.openide.specification.version" value="6.2" />
    <property name="user.home" value="C:\Users\djp217" />
    <property name="annotation.processing.processors.list" value="" />
    <property name="debug-args-line" value="-Xdebug" />
    <property name="libs.JWSAntTasks.src" value="" />
    <property name="jar.index" value="false" />
    <property name="libs.CopyLibs.maven-pom" value="" />
    <property name="libs.spring-framework300.javadoc" value="" />
    <property name="libs.absolutelayout.javadoc" value="" />
    <property name="java.specification.name" value="Java Platform API Specification" />
    <property name="java.specification.vendor" value="Oracle Corporation" />
    <property name="libs.javac-api.classpath" value="C:\Program Files\NetBeans 8.1\java\modules\ext\nb-javac-api.jar" />
    <property name="ant.file.type.JUnitSampleSol-impl" value="file" />
    <property name="java.version" value="1.8.0_60" />
    <property name="run.jvmargs.ide" value="" />
    <property name="javadoc.version" value="false" />
    <property name="libs.MySQLDriver.javadoc" value="" />
    <property name="org.openide.version" value="deprecated" />
    <property name="platform.java" value="C:\Program Files\Java\jdk1.8.0_60\jre/bin/java" />
    <property name="source.encoding" value="UTF-8" />
    <property name="ap.cmd.line.internal" value="" />
    <property name="libs.eclipselinkmodelgen.maven-pom" value="" />
    <property name="libs.eclipselinkmodelgen.javadoc" value="" />
    <property name="netbeans.home+have.tests" value="true" />
    <property name="annotation.processing.processor.options" value="" />
    <property name="libs.testng.maven-pom" value="" />
    <property name="libs.jaxb.src" value="" />
    <property name="work.dir" value="C:\Users\djp217\Downloads\JUnitSampleSol" />
    <property name="libs.jaxb.classpath" value="C:\Program Files\NetBeans 8.1\ide\modules\ext\jaxb\jaxb-impl.jar;C:\Program Files\NetBeans 8.1\ide\modules\ext\jaxb\jaxb-xjc.jar;C:\Program Files\NetBeans 8.1\ide\modules\ext\jaxb\jaxb1-impl.jar;C:\Program Files\NetBeans 8.1\ide\modules\ext\jaxb\activation.jar;C:\Program Files\NetBeans 8.1\ide\modules\ext\jaxb\api\jaxb-api.jar;C:\Program Files\NetBeans 8.1\ide\modules\ext\jaxb\api\jsr173_1.0_api.jar" />
    <property name="do.depend" value="false" />
    <property name="dist.javadoc.dir" value="dist/javadoc" />
    <property name="libs.swing-layout.classpath" value="C:\Program Files\NetBeans 8.1\platform\modules\ext\swing-layout-1.0.4.jar" />
    <property name="build.generated.dir" value="build/generated" />
    <property name="javac.source" value="1.5" />
    <property name="line.separator" value="&#xd;&#xa;" />
    <property name="java.specification.version" value="1.8" />
    <property name="libs.jaxws21.maven-pom" value="" />
    <property name="java.vm.info" value="mixed mode" />
    <property name="nb.junit.batch" value="true" />
    <property name="junit.forkmode" value="perTest" />
    <property name="sun.boot.class.path" value="C:\Program Files\Java\jdk1.8.0_60\jre\lib\resources.jar;C:\Program Files\Java\jdk1.8.0_60\jre\lib\rt.jar;C:\Program Files\Java\jdk1.8.0_60\jre\lib\sunrsasign.jar;C:\Program Files\Java\jdk1.8.0_60\jre\lib\jsse.jar;C:\Program Files\Java\jdk1.8.0_60\jre\lib\jce.jar;C:\Program Files\Java\jdk1.8.0_60\jre\lib\charsets.jar;C:\Program Files\Java\jdk1.8.0_60\jre\lib\jfr.jar;C:\Program Files\Java\jdk1.8.0_60\jre\classes" />
    <property name="javac.target" value="1.5" />
    <property name="built-jar.properties" value="C:\Users\djp217\Downloads\JUnitSampleSol\build\built-jar.properties" />
    <property name="platforms.JDK_1.8_v45.home" value="C:\Program Files\Java\jdk1.8.0_60" />
    <property name="build.test.classes.dir" value="build/test/classes" />
    <property name="src.dir" value="src" />
    <property name="annotation.processing.enabled" value="true" />
    <property name="libs.jpa2-persistence.src" value="" />
    <property name="sun.awt.keepWorkingSetOnMinimize" value="true" />
    <property name="libs.jpa20-persistence.src" value="" />
    <property name="platforms.JDK_1.8_v45.compiler" value="modern" />
    <property name="ignore.failing.tests" value="true" />
    <property name="dist.dir" value="dist" />
    <property name="testng.debug.mode" value="" />
    <property name="javac.fork" value="false" />
    <property name="java.awt.printerjob" value="sun.awt.windows.WPrinterJob" />
    <property name="default.javac.source" value="1.8" />
    <property name="debug-transport-by-os" value="dt_shmem" />
    <property name="libs.MySQLDriver.src" value="" />
    <property name="sun.jnu.encoding" value="Cp1252" />
    <property name="java.runtime.version" value="1.8.0_60-b27" />
    <property name="build.test.results.dir" value="build/test/results" />
    <property name="default.javac.target" value="1.8" />
    <property name="libs.junit_4.classpath" value="C:\Program Files\NetBeans 8.1\platform\modules\ext\junit-4.12.jar" />
    <property name="user.timezone" value="" />
    <property name="nb.junit.single" value="false" />
    <property name="netbeans.dirs" value="C:\Program Files\NetBeans 8.1\nb;C:\Program Files\NetBeans 8.1\ergonomics;C:\Program Files\NetBeans 8.1\ide;C:\Program Files\NetBeans 8.1\extide;C:\Program Files\NetBeans 8.1\java;C:\Program Files\NetBeans 8.1\apisupport;C:\Program Files\NetBeans 8.1\webcommon;C:\Program Files\NetBeans 8.1\websvccommon;C:\Program Files\NetBeans 8.1\enterprise;C:\Program Files\NetBeans 8.1\mobility;C:\Program Files\NetBeans 8.1\profiler;C:\Program Files\NetBeans 8.1\python;C:\Program Files\NetBeans 8.1\php;C:\Program Files\NetBeans 8.1\identity;C:\Program Files\NetBeans 8.1\harness;C:\Program Files\NetBeans 8.1\cnd;C:\Program Files\NetBeans 8.1\cndext;C:\Program Files\NetBeans 8.1\dlight;C:\Program Files\NetBeans 8.1\groovy;C:\Program Files\NetBeans 8.1\extra;C:\Program Files\NetBeans 8.1\javacard;C:\Program Files\NetBeans 8.1\javafx" />
    <property name="java.ext.dirs" value="C:\Program Files\Java\jdk1.8.0_60\jre\lib\ext;C:\windows\Sun\Java\lib\ext" />
    <property name="libs.absolutelayout.classpath" value="C:\Program Files\NetBeans 8.1\java\modules\ext\AbsoluteLayout.jar" />
    <property name="excludes" value="" />
    <property name="libs.jpa2-persistence.javadoc" value="C:\Program Files\NetBeans 8.1\java\modules\ext\docs\javax.persistence-2.1.0-doc.zip" />
    <property name="java.class.path" value="C:\Users\djp217\Downloads\JUnitSampleSol\build\classes;C:\Program Files\NetBeans 8.1\platform\modules\ext\junit-4.12.jar;C:\Program Files\NetBeans 8.1\platform\modules\ext\hamcrest-core-1.3.jar;C:\Users\djp217\Downloads\JUnitSampleSol\build\test\classes;C:\Program Files\NetBeans 8.1\extide\ant\lib\ant-launcher.jar;C:\Program Files\NetBeans 8.1\extide\ant\lib\ant.jar;C:\Program Files\NetBeans 8.1\extide\ant\lib\ant-junit.jar;C:\Program Files\NetBeans 8.1\extide\ant\lib\ant-junit4.jar" />
    <property name="apple.laf.useScreenMenuBar" value="true" />
    <property name="do.mkdist" value="true" />
    <property name="libs.absolutelayout.src" value="" />
    <property name="libs.jpa20-persistence.classpath" value="C:\Program Files\NetBeans 8.1\java\modules\ext\eclipselink\javax.persistence_2.1.0.v201304241213.jar" />
    <property name="os.version" value="6.3" />
    <property name="application.args" value="" />
    <property name="sun.awt.enableExtraMouseButtons" value="true" />
    <property name="sun.desktop" value="windows" />
    <property name="libs.hibernate4-persistence.src" value="" />
    <property name="libs.hibernate4-support.maven-pom" value="" />
    <property name="nb.internal.action.name" value="test" />
    <property name="libs.JAXB-ENDORSED.classpath" value="C:\Program Files\NetBeans 8.1\ide\modules\ext\jaxb\api\jaxb-api.jar" />
    <property name="libs.eclipselink.classpath" value="C:\Program Files\NetBeans 8.1\java\modules\ext\eclipselink\eclipselink.jar;C:\Program Files\NetBeans 8.1\java\modules\ext\eclipselink\javax.persistence_2.1.0.v201304241213.jar;C:\Program Files\NetBeans 8.1\java\modules\ext\eclipselink\org.eclipse.persistence.jpa.jpql_2.5.2.v20140319-9ad6abd.jar" />
    <property name="java.awt.graphicsenv" value="sun.awt.Win32GraphicsEnvironment" />
    <property name="libs.beans-binding.javadoc" value="C:\Program Files\NetBeans 8.1\java\docs\beansbinding-1.2.1-doc.zip" />
    <property name="java.vm.vendor" value="Oracle Corporation" />
    <property name="libs.CopyLibs.classpath" value="C:\Program Files\NetBeans 8.1\java\ant\extra\org-netbeans-modules-java-j2seproject-copylibstask.jar" />
    <property name="libs.spring-framework300.classpath" value="C:\Program Files\NetBeans 8.1\ide\modules\org-apache-commons-logging.jar;C:\Program Files\NetBeans 8.1\java\modules\ext\cglib-2.2.jar;C:\Program Files\NetBeans 8.1\java\modules\ext\spring-3.0\spring-aop-3.2.7.RELEASE.jar;C:\Program Files\NetBeans 8.1\java\modules\ext\spring-3.0\spring-aspects-3.2.7.RELEASE.jar;C:\Program Files\NetBeans 8.1\java\modules\ext\spring-3.0\spring-beans-3.2.7.RELEASE.jar;C:\Program Files\NetBeans 8.1\java\modules\ext\spring-3.0\spring-build-src-3.2.7.RELEASE.jar;C:\Program Files\NetBeans 8.1\java\modules\ext\spring-3.0\spring-context-3.2.7.RELEASE.jar;C:\Program Files\NetBeans 8.1\java\modules\ext\spring-3.0\spring-context-support-3.2.7.RELEASE.jar;C:\Program Files\NetBeans 8.1\java\modules\ext\spring-3.0\spring-core-3.2.7.RELEASE.jar;C:\Program Files\NetBeans 8.1\java\modules\ext\spring-3.0\spring-expression-3.2.7.RELEASE.jar;C:\Program Files\NetBeans 8.1\java\modules\ext\spring-3.0\spring-framework-bom-3.2.7.RELEASE.jar;C:\Program Files\NetBeans 8.1\java\modules\ext\spring-3.0\spring-instrument-3.2.7.RELEASE.jar;C:\Program Files\NetBeans 8.1\java\modules\ext\spring-3.0\spring-instrument-tomcat-3.2.7.RELEASE.jar;C:\Program Files\NetBeans 8.1\java\modules\ext\spring-3.0\spring-jdbc-3.2.7.RELEASE.jar;C:\Program Files\NetBeans 8.1\java\modules\ext\spring-3.0\spring-jms-3.2.7.RELEASE.jar;C:\Program Files\NetBeans 8.1\java\modules\ext\spring-3.0\spring-orm-3.2.7.RELEASE.jar;C:\Program Files\NetBeans 8.1\java\modules\ext\spring-3.0\spring-oxm-3.2.7.RELEASE.jar;C:\Program Files\NetBeans 8.1\java\modules\ext\spring-3.0\spring-struts-3.2.7.RELEASE.jar;C:\Program Files\NetBeans 8.1\java\modules\ext\spring-3.0\spring-test-3.2.7.RELEASE.jar;C:\Program Files\NetBeans 8.1\java\modules\ext\spring-3.0\spring-tx-3.2.7.RELEASE.jar;C:\Program Files\NetBeans 8.1\java\modules\ext\spring-3.0\spring-web-3.2.7.RELEASE.jar;C:\Program Files\NetBeans 8.1\java\modules\ext\spring-3.0\spring-webmvc-3.2.7.RELEASE.jar;C:\Program Files\NetBeans 8.1\java\modules\ext\spring-3.0\spring-webmvc-portlet-3.2.7.RELEASE.jar" />
    <property name="libs.hamcrest.src" value="" />
    <property name="run.jvmargs" value="" />
    <property name="libs.hibernate4-persistence.classpath" value="C:\Program Files\NetBeans 8.1\java\modules\ext\hibernate4\antlr-2.7.7.jar;C:\Program Files\NetBeans 8.1\java\modules\ext\hibernate4\c3p0-0.9.2.1.jar;C:\Program Files\NetBeans 8.1\java\modules\ext\hibernate4\hibernate-c3p0-4.3.1.Final.jar;C:\Program Files\NetBeans 8.1\java\modules\ext\hibernate4\mchange-commons-java-0.2.3.4.jar;C:\Program Files\NetBeans 8.1\java\modules\ext\hibernate4\dom4j-1.6.1.jar;C:\Program Files\NetBeans 8.1\java\modules\ext\hibernate4\ehcache-core-2.4.3.jar;C:\Program Files\NetBeans 8.1\java\modules\ext\hibernate4\hibernate-ehcache-4.3.1.Final.jar;C:\Program Files\NetBeans 8.1\java\modules\ext\hibernate4\hibernate-core-4.3.1.Final.jar;C:\Program Files\NetBeans 8.1\java\modules\ext\hibernate4\jboss-logging-3.1.3.GA.jar;C:\Program Files\NetBeans 8.1\java\modules\ext\hibernate4\hibernate-commons-annotations-4.0.4.Final.jar;C:\Program Files\NetBeans 8.1\java\modules\ext\hibernate4\hibernate-entitymanager-4.3.1.Final.jar;C:\Program Files\NetBeans 8.1\java\modules\ext\hibernate4\javassist-3.18.1-GA.jar;C:\Program Files\NetBeans 8.1\java\modules\ext\hibernate4\jboss-transaction-api_1.2_spec-1.0.0.Final.jar;C:\Program Files\NetBeans 8.1\java\modules\ext\hibernate4\slf4j-api-1.6.1.jar;C:\Program Files\NetBeans 8.1\java\modules\ext\hibernate4\slf4j-simple-1.6.1.jar;C:\Program Files\NetBeans 8.1\java\modules\ext\hibernate4\hibernate-jpa-2.1-api-1.0.0.Final.jar" />
    <property name="libs.JAXB-ENDORSED.src" value="" />
    <property name="libs.testng.javadoc" value="C:\Program Files\NetBeans 8.1\platform\docs\testng-6.8.1-javadoc.zip" />
    <property name="libs.PostgreSQLDriver.classpath" value="C:\Program Files\NetBeans 8.1\ide\modules\ext\postgresql-9.2-1002.jdbc4.jar" />
    <property name="user.script" value="" />
    <property name="libs.hibernate4-persistencemodelgen.classpath" value="C:\Program Files\NetBeans 8.1\java\modules\ext\hibernate4\hibernate-jpamodelgen-4.3.1.Final.jar" />
    <property name="build.dir" value="build" />
    <property name="libs.CopyLibs.src" value="" />
    <property name="ant.version" value="Apache Ant(TM) version 1.9.4 compiled on April 29 2014" />
    <property name="build.classes.excludes" value="**/*.java,**/*.form" />
    <property name="file.encoding" value="Cp1252" />
    <property name="javadoc.nonavbar" value="false" />
    <property name="jdkBug6558476" value="false" />
    <property name="platform.active" value="default_platform" />
    <property name="awt.toolkit" value="sun.awt.windows.WToolkit" />
  </properties>
  <testcase classname="sample.UtilsJUnit3Test" name="testWithTimeout" time="1.61">
    <error message="the test took too long to complete" type="java.util.concurrent.TimeoutException">java.util.concurrent.TimeoutException: the test took too long to complete
	at sample.UtilsJUnit3Test.testWithTimeout(UtilsJUnit3Test.java:87)
</error>
  </testcase>
  <testcase classname="sample.UtilsJUnit3Test" name="testExpectedException" time="0.015" />
  <testcase classname="sample.UtilsJUnit3Test" name="testHelloWorld" time="0.0" />
  <system-out><![CDATA[* UtilsJUnit3Test: setUp() method
* UtilsJUnit3Test: test method 2 - testWithTimeout()
computing 27866!
27866! = 105029848617897509445015012900550091224038798572863199050456999134208798835949132165197366096711750569223842076969935411784394719415648966317113351923576708460643685064699347003564310059949975084742174645693806289510094046609995348039621376398534010963020786330392369559377206191148807924898713395957560608360138839123721880735400134718067080623422400274732437126521955021705116955974966659931704605146329618763320324846999815820543901171724236431261724920974028533013318556454719526293186695670395964003965647176698506326170910577956998032525723213351695218290468777228394667122254459404121734823647575536401553579742370189993071266963771304259218997694692739873195441251978251534052256265279815562842303125555286336246909040040941528471136398620249519728023048020413447395164518149936944088381816687454371636948853136630304897249421081879280441276808663757868146573785622288858481601973517180691622277726575728144065151092092997437123835690824149801591469579963160960703875096062451013319212458488683239967158514230531194250158269783525622247962277267773111051174518002654171219446178032677060274020268482437173794771182121326106355451167897432287849836851732306932776519263202402434005822431137307601043812902073672687732612259581727060172795526064335005993328727264592060278660436953629262817601106484027385651056915024842497398079204174244850428307671295013741530214914587605545797589014802788447057919355419115151128272861914563768286968757968001095338121599273755385258671758830215550317894234796704725302788609207467879989064831949608378732126636938295222182866093530021765877842306705484907535552800648494974532353791155360978794605756769329800622731356298928727668926334579507712165055527071858668416573010515287432699108550184374111761475251438683062115549890063963151737307583854964388612863462283045363568961244089892589575918820324397105318700418274310323596170361056889928508751690829652370409093053361199539302561495945871879737235630779160565377567017510153472619351870228203733973699065525464733244688933865325390434242966071266590045649363682220102845852460620099563426205375099247063301396144102184745193220382356247388454343748937352724345471490034643427477778134987982795517110531719834836086292729053130273004489306662789407073775764033520354295519933695843077265071720476493199204219935735900703077497827014817481012268983800120093998882546322667596730709614848212296281582734956705492583876112427662553912572371293511236807456989183749076051406290265492330601230895653968931052229195782830738900246014408230825060032970373878845626031139838546019109537557509994869246632326968858750564148154073711758838260714769267421094752890520111562832044984113659762537729497705870678912852402212407220039885621409022037678845430752116404419377717205139943287286566961857891281338847758965901852799984246430228449013703044934119843512907177651697338547005700932294400867709759878300062883190594737753506562889251129959496086342143087077024545184440510641155718114327148957130487697580324932775476372601243095787410208897881132087021323281249041469690593502773639461353105276136024065974068694409544552862250603144580591553475089892695240910587072168904539245590326622696149315416942670000920081264415981569401131992965423889171835314114563425943384709362654679387812131902213953442036548715718703281057882977500858602567996483829426663169092526227985521349979175345951102077774162869975669364255438021052631674240864360115538912434306424671983602129822385031318157563071114969288587461326067276217949507243270821455321946378934750006659329266066546815256806217203474707421392544440313718329321735848121528699197359031859477119287631686563994924402189144904436298086190611374654091987849765541196899470222313209447742061122545688309687955921515373476942333024741334372526001031144936219505419917947126919975495668273274737673328916872407333945884595284033974513773232532384912501546665750995245832197081375792491092578022802342274587286081532404393854711639268592858188055824948281031757644319638564727819937595422648948871369388914998402784208226717942068626489569869734147965108831555001315072988242620286224125208182373755575876238154804447567963325604901071899049057346281316328783290497046005064493457298230558178794209197951633284452664885912784243804101796509810103858231657033116628883363896745465918726738421709637130840951149647977983331396947794439101155913328422828550900986953564569557819730979030929731737585553364930724182520353534897806196043464379476849447524363894569855467576494536293995535128855395580132240270172454459518714019422311365933455010462420578165679777078711942738857148726030903114327585353075793813653039946665542742492600952687172917605023666992469914094701444068930348407953653992675334622487950107619563011719223019488757967579111532850633751457228159925661939192062967894581734104077367260828874483471321829094843079784898547768508102806944130447842119257206517873985447066115543706639114832264775018108284016077978066635287374300450170495949141532411638386280221814948597991509223787614878622762314375447718714043797264056883500358498846148554785508101087285754642772555421426989323232127268563926179838487098075488458218207505640020371574848483507814081158601902617302690592480568434674112063683685153933049404595077684505927445190985029726164624135889162260951438938995278853971790834251192484169893363078877103179251645239176860558272368173815700291539426527888473374823675467040376779640717133070791835685094433530299208038109046111735727675277356705170754668050818064625244293668129856837169074123594310250739350209790510388480209404478837040257452482250606343620293752620024994447175338891667590495303411922820917541641352508057388280471040765896170725119836772141776584256996467890225606280619098550148176960141233800910938382214712557260296354223149615187443257549445892632848304969318452733056589156490012199413486815780650548861583832745226062206810947542615204457913277571957185376282008074159530081159455785693009014362996023804236327765308309847830173131699378212015951694175162388626030298533027978721207288734781166424264595517960329866603091343929165855171565101430973761853302535335913825642876047803907652998583838261023218196548564875169020025772672595633456742489571175567927043053123829603176738400573850178853039615042572622716941916038528035089324402106758746552667428981647889511369448891077579948233544294048732903924946580255458586901967707171437758856277990729650837159917682883093643776814376492689100105121860094774301315747175474890517364212065136044614190083918563885457219903105712970615779250668301945387069900638531836584142218073610077597975719395813175817550565566661570176277725143692816835924765891145646199462221505827682832273418943393145408116405663472530197385799144388630632392506225898945968396862025317846072628233539635469902326278019425093272114083227798203042374951360618917422252995446425477822239574405009324915548181045563590467257274977754172567617111196591799976636967258567685620632574818211991627278722684982133474793732439779080297403882345769433236740160206596390043400516082210462779580746081661914433888755796896773413583742175980791914478267173959374771297166912523159408630351932532263077963289728848955303160130123531114262090866932076624333175007327688783097577335058952488715371659188130331078027235565943255858505237985993569602658774118876643027982441684650600404072743515150592401297380785146893777797965674503997814985116662630925209330553359511855821209863745186934361881621466384127729289579067209149049391379585087767203341310850624592925876310355370347624031806274578034710372703326282149093168153860943019449528806741116755250166790672494347214633841848824511689237813429028673158296219030364942517631257107928747181256678728726729858635406963023252057998190768483219895044017866727138122572086442557474755726211139759418622370435551602534244731176974646922849295730497773950942144254087841605036382888047569682158191134528682485768065482220808634966011741173582926173653297220384438369790526062775166577226517026734520667072996301042804713205805052143251681773174785241694678871958926534447542754815692090463156663297508354691626331026008679422565468455065607707746280486851960776587285363561653586460373870575358023616727030624932069236800532921452118270673776585684064890901662198270702001088331954763176116109101594648729115778837809477187301855551583486603636857470224678240285331796462559228992446982390603202765730216900737866835938703630514538811781894740194176224134027216028689479783391929011513870289818958495142474560312369799527974390111526723324958432611633792496678324331282887336931586831377657013705283890812375337258180281365496237168905427229514379415717136107582169163060200293168193843810959167720808858761090720740858191909889195038099741902265937545841570812333827279607018002702796034036184594879596620473921598368263544267645892036964052734866626024603340690117390593284694507229920138553579783417120356104335372978200908169195174368684834871285935916035896611208345518519767795352054803369941540032039616639669247463469864930887092609298718078735398861005763448270739768196597104609649171115643942514731100122544889371066721830017558109301917730069497695511912892291179644722438592934388988619146568797254572472957096524397130401619670533389305108929693076572287744932600544341594925361335241539235108692956084125526116850853428782005649746046614140383733079105672796369750542460945288788910190937834918773010853047632750534045607046997380543997045545726679390476101637340514637094626471140644815492298434576634790637912155876629911446484077526016348807473416614556784294726910766655337718299705737254420203265624376492453804256038240451881170879828911044071952317027085413183900396076434007569145931211799064070716378103690992803757084067336074484066966869119126111357840601726120756924724690147041507629013286326965931318360070057873347458330438687024935972911934278450097228692615811240553404732152710321002423769194121449443658555548654106076249496698005610778506239983451947860706008200789552199370246181134095389519291825824330699634201558691376838769202877904880194889142810392518170561131673940513471015644826418818700742292535376627793113087012083381820832157606944200718263962100523809638436666257566331249293294623031331151940292610072429361422645621767253817491464717849243653182081494803214034894346784802714351799930465853623578384969889127707536668788245455089360411329539399626370807020693992114825060805073156853257013233538918211184201762980198521292488955579074614775519249682111412340871856003434820152337766288749899882912623741740655870003078952205121775704561801329425423995435330265092309141196863121657249351498719251565352795773065377108111607245175650947737283556000761066514810302135210975423047434377767429406029098754941790434558212020146524272903040743174968759398932497574027292680973721170188096028785709847318583048823725629949079480503901796856627650637400910222516489878302460083219113651895192206079029518202342235124673253407069714797006811193329480339949093129641161459041717022215296133500280308598135077279496030489909991075116856747673168712155460011989040283121768429667220499410313666538971437605797047353779866453085231168715356589585536417744271796973443154246256507428176258818902879126551106812735066386874485335196753898270156694938698557193146082689155744820543540932362132223346676687327623282903649322583897725556655077768790352740628425840070307964279954890677793639166502631461819161448717842947071115993961624344726266555527684991157688923167757331574037285220236244539697892010103819828737494814584754056605781079110907960725197996663719028210023551803156239996076127982412349964524819007394050721257526310023239358034203489784853396360991904137792690352387397877804863607767920206603603789440521268802825651739653956316003551523046392078847405067799834080051997862308754249377747613355528774264128355030204803825359349187092960765366882638149073199807652189605033311100017732019113188987677014602131953361661821045410096634196497481958463065723582619092374890444761879276347048358162187757322085811344514984396865101426571269081124418125777365670499438056209530785320003805092624004454929648633062760107798757602070536998785304729909030842189095032227697281547837788353673563070620699740401418982741755257953873724013731908348533436420000846527568715212644776436361477924129177271656969967380733138912360749139331504846553976811076404165129995032857121719279611686733895400568451011973577687029758135931166216935977005285832199497572072443932523002670754098352787514311032222331080477984992047319335739793668175281458514085656798952145958757500949214445123906048997450544601904138135549179572298168705759471182776285627186864129495360094035612795971165851512317791218920403231300909094877462806227336653063825244696947856146658523896751456660087082147644597655665643542880818487991531196087734589711462334379022569253966392085239455079705879482845354815895744704431095270085815408323718050624545010557783381685475061825351367076048263820657944425008064952304994220440678177791693261775746478719292995796388200257714652557177917381238632531234093536873076211345409768080389095382814034137871694508406062591976591289340680056619070360572515161948597239186602481393134988985326182137706163967945365231178403209701209462750045595694081087573473888425576778459732085681704189289407672153871407642885872736526039659502485412171314281178066828148960450859571270295788617559826472785319851581314300931543116589931440816668567408232192103160002740750002780076957273288762511925778533458245647243798911036245631741920830292866421879582821949634566719954458885856959714487490903485702802941356929715164064575735832454941784250073215425698751993412850652773459380818219320217238964868762569280868535768491063044770738322217111582575635711224916027535211132217274250783933468740985336265735660357343090687020630294803118706275989616535775198300172999041405399950310757791308348262497668131080731941669289532754160884946813309120112079884671476353893050956495443982718225546263156106531111970107145089258735657189817929505163222497589667297551904133113513990990261954725478936180748852320175787262142689410269429293584776143794383880957176117891051930235988525888873540139819921276353381704399618079689009954321438777257888056917962875616140455943623313512501578521739748173211548321638226849867485401872021922816078399891708798981472002896123597616275796621280564672332572605321002333900601549155273215614221290058237142220534922829112649652160865588342488924794742972074402125096978411231802559204073248602953727498527128055330244920759684153873254833474090814403887322906621913021193266229435180600390073645213302885412003209966141990280064171138810653498118782598149431839121547874881074578813139986825046300255256143271100995843438503160560789216502056854794545020738274481510513971244175011810203449442398724223043770580585365108869311421766491765386042049113347008986715421432117844678654069362082177979324139109912256785847969226255744652760578123451584812885035253670092828296437517394590169521218560556553577035478707312281236862110748581403292515281324696038414677795004536394748365452200747395515246863574625078961034685406578989475406666532116002146828896265606839508650480840485341752371950443150364498488707787278137813632718574014609850407062003499665640218759990960630516276418487629097360083424535134095776121276494890428584001789950575850288298490238148535585177525133092361221526511748613184033296225148018835106917287014309592196387638061153084028862965165381322606775520187803134321512136998050307772123572858441912957094837867930970273184252399700788456059748805919059635583787074198034897388169732860984272944630702441302289371887171554618554091960235174154700800437725069337882653692330573706693761358946252414135486605566601538567360202265524975848882869254288593786046918979180655486503960377473956075910080197439802390775005444284716672063397504305752223414481043730684741480320128547202625807972119477496985519927626226001514261974527593660287581797101556911158773600299605075780361048339823124092602623494367548128224456519879270106231543960421012941843628543867409114655807302369044780120138726027556389055831094604480613285261550149665991756137740370684757804533499703223801966082231070215979820806606675073278854098685369032838411522503733166683459365436156663356774867252909056779969516491024553392634650125763728354568174675268748594027368857103314802200362107447774039082218143037557730352875911969740405868652372222129365896792115031774127886107433603865007596223810243618589093218722461893778215630727578148009000921576986159163423160606421549338534100926724070425687206347401413743340315837659887565882172950324424264692580888820544268982392621172366576101636007721413277256710019763841196915543884612797992668585816433363863335942666649795945167065274009056014939068544520329751770242408804899209733083046269559799496645436300883690945238646396782971415472309394190418452783017235240502176063805913501276589257103864193072123078889108791422746933121848931338309601512190949259110688979114276051512406394339073601742216467709495578438761832202349716220732578316178296926814225179623302228086231714616605554197508621951436954541450788155863220444478913484160080914878057974134449348055382053569758120999997628056932314837497367320814139267925627820858023812374394900766382167860263459504007040792852169594459012884557700982911860574941394075750148833283224206415153967208260193211319142410490331911000947373229363300194054057629161106052001947602517266069151167587762456700432257632240590990679731205874136235045108950729432381267069360835699841438595146599371810395426403623229466812453005606875535096435715488596097522558069243140991651687545728502704422160113661192308140050736778317961212289295362971606325732004643709464568100596751731023565694116666794715747922762744655207597289202141717735094541319568443844344103225953493006186176166625132140322558638898764915802106881082028971611436690757026207382796374387237356315775839381298001084622872077856252436657993325352527791621247440303429251541061778570125656213700020986952083506741153239675825251897675793157423396181795503721585291204872884170620734809474792690593665601511578039262064354335231291393503944628421650879275815677417997733670399778810840764047562193040895257027430824045753016261683529686195353195021035365282596801210943006578529926352952464300418315802918747350911846454631736892893537333230642184475462192587152570777960206676710169891971605298493585291600170490308715783040217353623788326775250934792254946559150482284592979674653050105407097356920247490570930791456244817321303102555587299514912920779043223106809844327437738958571426465021083587486685267736004048895253586644792073333324182607499647556368655017088989370741384187776466194140805563832442770656293213494560345447116040197311339367951446489112898498023308938682609437758408308500124147198858326542352344245461101482899703197932471071210277907334019299335062711186348219970204474101258761786103609540915240838195450403662231033073342564998232427363324033416557100812818059134512105694659701408569545675080308881962109184221265189861677505248632192297611898895898417032462271734711330788999818084396764797140814487095193195437193276854756977617399962773628985252705002432918408481927600202196415197000751120473924407508732130929383642211773593183774799825692446914713263816548356362043933364549602242745823421694311311939395004067142702648126264555327907637264849744012527938805956383639612982428726585250880826576761193362326914487196084369996313501261226514116066255422010152542533394147938705374016578983571186128747993874159946666236744154430031441449404233654745678144913400356301079182437311751500654898006649392004657433675138712714404459335905652499230209042582913757123013122963608546899237005373291902652939106811690050828877754832554726298022950683030335820591855566506006943777871569423988737085986138922885742355931373349503555512073615858442269166210941315005981222144252086049839804153888822250059010100116283208914431581608062276058879058630602411247156657285097642842560611822219191086258250285635429953576580702292285268830334446818332764781452268961663161273185299533194240909174285040473413245638707451785570225729351037574699118126406978662148853636747953499679098014080804810101548408039349645708061029201383431260010847736501550687141449040503825420225596893498627516684625838420124572006903767734151713458285446925995595228630405678906343895156163293026713043809069661936638446966588940213956985188341318510010064835646200047538117122833024196370100877636786935529857325905273116410745935224227276448945019578795244402709105141928739205643374207439940044242959109626950653103297443709797134727539367892187815078087714084117239742755698157739452123798374555990535811986036238685299892834296467928437571493948945226040539315030536246727511554094739327966112125322416902889854753861788016432948315693053581978842703950498445211151330816224171846027164955681405997538016011335327737761634759223046960075523588324913992982782013457619624143868892542382689852429439638649173022791216084951087389797945872037155351666896809496097314828244448596137143901265479857862323553335906523689784750102117386512381988415340050554087372148273477511871494826664743447470075724012370897179404981445294509504491690435091661148269590831612172843424635372823493142624827108856997261532256206409048155676508514699516675518697342816678477492037628654014373354221392851062643470447281402874974345999886021410423952993540979592325376898792999332379549602781996055520847402506195070218046359261002817719262088421027163717178946267946331531584415201052160256863624695459232494853838188094598689761148451743799283895855201599713674031900315449172310844919735175944228582336721375886990168957682034012425335165002615780671104468621157856140651829693574750161566839845122124481163524439556686687706017542822302195982442481559651357975932925692833484806193983709356403213913757379107001463747077701421742110635730498977968544237605506177750677032943637980088239486620956077467289142931274609712436523612059799890775333507323035050384542770147066322497892729497628911991278976972700161364191951442249445967596652425359944761998735092705654659678788806239779674696258172815010180961822018569171241214456152805632087515177794235879875513130781201282502909339961694049304682721277863613933570449525330928239756135836746061492101861692352981919183061359811932730087190352242362720502700633017442947616838629241653312298385056355914649767122940007149660870153295483277825032634798811519213763251553793907017363462024485280458620827114964605141001511571658860395658277630493380337019559772045758998780137892776460677362446444757303000491900307583362357100717013442651419278340726046862191602151965964997576604899560979439235881208112773473165618165207627970980549667022012862327947888131330591534671425819483384113575283736018391946649995234133667544902866419772751790305318910944905738065438715239236310040811966791034594154701735029347385426710182668040515128137045588663015119568610245453946137555265461463485667099130315140887484130082012825480043204523863512386796672240138318737169052118114933293015756587078967967081985683256393637461380394707960125633500325683970665437757517382907845578352767469302739133182136405031451675424552541761637247875147353149966051470782439554031233278757191273258652954350234640376258700876737022495448104358133997045456986575967405478658805469216461780417287095273727826682158104701574517902422162769378300034559042603787751289529773182633859911312986167868141772616431946400098457824566029231535982571206507245567596452024840836878051930166770089395426072042961660646494409196768427295629064806321412939315443855836603093787801201725493833282508471589185765762107774546777956295944369195267453310932292745326992460842251663835736451905665263574050101536280427434048778015473854920086736668841379089177799653119568454515734352403050663028125953499868010547107419821558487808433160185428919590062288250309206893594464153398096008668738091056689108688862493056065155009189470783179169833602817095621489105070816947215538224713305637768953628420462242504562853457232594367603400425974639194283813680401827000256273743390164320060921178573672972111753254271496138662998133554788506644674704822372867500138552591005071177580590283298555458817011116232106870994810240821284088973565967638785843219717536042441174698572817607353762530462006035817742261243637017239064667023123551914610017623916211848775767772006850697300629465847799502868143686112648335009365688732290020197043262784816573389800332423578073230034984491138879670420831768447877859448071144083734628285809935163734244790555791578301121013372121018346475053847386750008036608114846948921078334081343427180271634828166711052154628747853645515532993087312280321317121784804052958257756531944530723140605591334606477775884491247321015427827047892875569618850788076393748479409580379165816060961492358508114230997559586574631098522734594412409810467187313685856909384448628336957044722321740942009178819948316412408799410654087081899790821389020033325324695359058568040100377237885196001957960056779254827170756753918757256940666793681559657014213898170421165753735340026248927135700114529865508225796977767695153858686253555003693442078696785602739566809369736738395566249463943346623452777449991592545005380473319988528349648678779216190886554607538392425621539216323701922508335762395987553104176374715770165682486887720213660887659440595988033076955231006442539195886243456729732398314341244321758156194133651918814507440786822053799495383933859497669087708441908293884072648937193844714574995121276217797694721456969638878221208631624461658035668668520892593090902167075102262164323788177580602322697276529039028023801634790145103324153414535147360496063947598488051086007030355737626060080999748332611727642951465039373585739041355252832048325817504369554755127128447240848292870986396370231462702722975510232414194002264715961131201013791275678102145759534492962602074698955903340114865127607836586333737027112437372137854341732713459878595126480879827151119378753694761532587161451981312947720345418149290778080557669445815311064779324259309403805249830106926872837057891341203045496306768707127187566452446114186853608204098486361163115615733872902772538076042576051151926848915896842227938594067078835226626817084983911940952706280288214294431013326508573483796734788958035618490369065945770595678605547130921324265808696441750261179695120915013305731174757902740544040634022196886511115102069423379768814436758950987606906863293278589125897575037831854200315025052443313838205307025684096679374549301699189859505461023620201762814992340959817471955870915183811879836184247215879217680422573772456211026229568469467214502218922976510752469162135991020089912893072751783961973163019144244803200147275174503203822055457906565753876942071863842235349969913276720763152146783038455429696012928448125177430704304476829570260446198850860048531821114570323218631164984023740457196633292473066021311617739398946022817604331780370644612878984194137769235031180068264263500607667407257471912655742199941222455078913798221070784047728847493502001571158572312201732007261997746679519134303913997313532671737520315574868208773419147394282721323317417623867619721966585548274571784270649980447073898644187383901890567527724912016927789920512178096935250770945321819354260501383188324036309620168038477606473625694690498820286480669136013163024947776129979489442451420807275956403863322115654596974515060983125802635447695169701470758078590290872777716032634825419974365688828311009663866533152230455961814822838686927165724200198269049574828788138003949261682650807947625982435327701108359037703310416475462400233234540258666425929874613215987963221273405383468894184273484543365293903127680921557179498062814906307462643052271877282084487543690614635460991982079440148529720640633062095861099577516735004391449780395304657728209343073019196710134228185511498905682935197655728098081682075378326742319083172055889780551893707459944823316952792406058298304620588198886267372683651687146583487223781617104898067446837322324141734523921307034642199025373621626548080104885896799474530938950779690591331553354711054320993842063373194472397056042444460325542466586354050296775378959292507402832797578531500265100211761322108344231637855135925134955593736342572389561240892301221437230813524475104221121657325989967703844283652279075166862056850313341108818093486043817445898706782615250793100331306465391664441388871489827561969064606103968933249366001457576868506910814761370269655327956597589653994457433511959695416107095422891084150486927512830198538202065245162803622048494571225296712897501952313553137262804616710243720444548440810293296155283012617785868595624709210081625375152228909559864903548789718778338887402982622351211837143648583209802161011840825708068114393494046205688847145931204352963982759152047712795926158950123048623105357304694138528318167219730593895163208560913940596103037018638601632563913222297343309272098237574114752549084755909075813913844355522038627862415854201972335723516432940927646860431247998572920398025513591268724114386387212619376160611999502492837125024913921805037625209222074296190187854874831425185351822863592312958632592517597468784867145068750648553147881401532624285808419781768076197426051742736503527001327955996950342221590518764602965090513070042325074529490104463441349401393903377292611325124799411290066910830221014738987456717870081985001973062937788800515722992749935416407965852014600986429516608397902215602299238517527820307714278778913813944709376767046130613034744068650314927169329701062744694110216979467903760061656421276758588753127482054622064728968104154662566849593588003400092304607074833396473570415444659507522752154199225470915222272421999733946260420089236348756112268279531971879074908457792063903723190687437766420981354194218447742102742615945416911651804921157539237694408800869033841767287105491286407625135763532362180120973739069069578538596581952224325488228410762942723574119072440385387450351937410698667619796966626638749656160678733075644258256525284816108495485937153006281744690279042707777405640834825450958095084453641134905275073162842504023560098123597079884715357591937896276981519581770615393589374614239568906889816612555533178638273467495658699402577362376544926153103709889999767783470109245756715010420712021978568121928403128215375221576593684151843404636009803238016962868450746333792653370137059083040022663558766962295606875445859685214009493182542771906006470530194750652723454016607294028090896580728623743084706002233643200255459179432517417408068080060587878811490251190363532880679232496404288072999170786481827108941604376063464291816982805472974384390267183199106606956266083775887868424108478794144541677644048215619824845973219139467545449321666551650856204240821413957512340972253136036159184041107748386533090684096459036723519339800995100441129547746042597249501219929240888838529398305328681674951990932229343487065282359227238841883145064055872340551872114715393443374564430375546388072063625573624748530343065446188517674546149959151799142158101840166707066698314694337887873374855184361034873066855655821256742100186797127037929644479430639387299671588366369593624226097448854270179019182197188468906933201627878190698528541885443399845644114861138637682065708766460979863196125660838972403734688519055063468036729847080420541668074637439784391291493488741882284362606270860680621322053318367929508810368760663593510893257029636241126087680568355846455233897830246343163365901762071141839095251501580695618132631203052638209013426352978517263721200065078773740250234771328694037618128840136030074873348302257678635308014444360512023984487250440925163031452423585528286978220980542374932489590998487606216087412883363650052705736324669326637042423267908394296154342151616156335732098211640685000384318997403811161213027051293686939949159928173707379250874599183845626943058138655914552953591901068668715103015245328821595335795955328915809553666219416924157293940870142890701322951818816676494140343666853593378184903929277369486745391143280575136370599334580835957124998507323222467794721332923648225187493672809963841185597500678689228851856615574481317030565570028024873203781731784683464090744583160967940544170036341469145998277221325075298791586132707503813563400303887556004358237999265008116217721621147791622878094117886655496086873161158506058008406803551959766645047744186760943889995157089035228839001363877449402696045979694115286516604984895193138485189084033671207324430031223960161226239794773438373705346434915654338646788254196907905848111262445283004461624100575959933418708689231972674337247951563741696123387142416857548632071267140955049669759484959605952676378524946642579767565050529517696112257646983322269713623834511337326915650945147084542228099883380122520382173888583884419298098613457092012578853957298752800930035952784640387462790607670142934871912785696758677176157928800884557467752967644848656136145849752684244590676196577147352588987747957057722196217496053897686537882736308992924469214939593897989071407269555854860882636289888645026290114707731298220876035729674976495486084996403799572344488279384558445863605496499506747629631358968780628775034320082799288102377456819076111704056209674383040543512897177157624323892388209695917804426177436439796172384485922859137437476449387965498717223837156998266648865588664786607376624036285102972925305220550216936635269333953326273655333621869761110627598744381827080233355545178258047518462385257587275942351238134591181989523935868045083925776091086631585437273029414882687080316386981233770405931225971217532539896815702509479354713302212706922859645034194829356626258047306727878046909069323337577356881629298254036772815159511166833970633236833460174454381043315478231752756195991971126970714889683680186421716592512170176066253418964492627891767831257759522887000749547282744332941503046653647588199143744382819467281201267793579096632685498667692055701221211658872062023422571459127403595295925630222775396821540110037068765877749188117354687684001977110220810079525507028014029239901707475028269606827303580968954992035372581134627075150045015433728333047206554741972987171947479135588611221479671692939014853662976236314711724669057074982076551546479724460096145395152396412406421071992177196236923758255071107916557255749035086853798244141647741722962346163894765565310356731205568251267522802521792039905534637595456668728494131733616939250786435333269232126204587700703259944549330472940287647102483151780308198067046257957449776711571257484972430597984490092280580422324645039614022803554967036186173587935623408648565923723970797923946242467628474889821053849973450064694020485106942799167694047549006399238133782611820161207627460673420427177489468026582002276375121049292450359521524031906585440217498086821934106624482592559810023682882461509508007249438258519268868142343490504072250018312631615931374328494797429620654166558848824145105573562944810330010215919288695312256671383935556059629621380737436582743534313955910006673832529841908601627234627426448308088203961901238464404636376282935430519635393191194182689205039485198240181088937497714200246001081261167721547006386313590531323906168199411310330223527313473230186451430603738045766581440155362899685983806014824560705508645658282575781254487692061507757004824140900399211358029289632886807841015897321467571398752295767837039197065179232666687026934018418087361150221470720844244142912713213670575550671711268354897472919376159894012882076612953162266823448940081212698876728701591370837746373414935038953977463803305312174487502596399863519013545271079745232424138410309765149719079905655270202508680625042989722799865490745258310055876978792668926175754033899049591280208278515420800202947725333681585199204780993020111252600952712413385830192400426016587100380838535763520799220279865820094640218485184623373809794724522417425779572532970253070673651931604693412461670899674373245988973478941900785105474575210309337703317577442134067935058283208806453201684043898581158629867938578173254822760145599963068851223619633976489844421134433712571399631017805220358319945043656843132569100573106419945723755969378838441480278071554783315525548566634174855305795949150119488141981189342796239804141983987928977272153277445494779496343451825219400628768149225221609102692208904759400381048979184259542277807379619069299234380335465048323448981886092663988381283032575702571770698104293037580616425192687592550313959629860344140759147854586559514502901822814127901089158853977821518218296734929370223252589311293241442821180672534915606466057772337906723669961205028072492660043434815223031172850888028171103110401037617556395872284939838645294146560014012485059399487750832202842163447205238292750224338684967538224003871188841723114353787976288778365660109817205240369854453488370300359078345464952267436651681116419589007283009835927334935503389566244973030918004882364208892408502274238424725584382315655763944523250106982913268718628821378040301173383069113083058667877282045466660891351507851659507427287133219993938743591476388054744693788434600735105996296847802484878318863927871349395394099072400371960924902769315605506157123514048416373905245890885530894909547372449074399823806380162171188023557078234515286558607246784790137840785074536373671229335390919298910847802473069840273012255423273176520428124375064613432088737530811519401826408162560367450223862453548728907118402720729867683929922882725298074154154974158456205323290559388829551235717316029112485481087931610030853440765223604251950879241144620951893171456026048237762085793877591348173165757439113086091041324233980448135617952033087518685699402619125465974216616540626488767710061634986868726139360784471512815768468868674143608574969703186902615616389442513220527850797082695059956461816704287733599087105698707885077851678543297360277624508684277016850067106001163782203768166958801521240285916563926821976143756357021340514426673379274562750862794022254655752630293096980949164457522185734943697090505390229816343282480664597077342710376077253813103625934635307774055837099489463581285519101615425679264641081752714218108969117016038844673017687387904066189967794685783519519259031893741037915065566803454073426892836662885771518373222498602042468013768374154330524575281746650048385410751208355489798496247558984761001562633642531511163315987632725445579181362768315838314641485364587431516300708346846665173590010625383231214483738072051010715469425789180090771424066372194325278003488903664221965460742411810613757231405905203493700522400675587867290091175033697924704700813276711937361245585747269351084636296838702409877283637151033588031432726677931425426987209375568040105270717868569068342571159097740160082559245308322062507719041879064768163178683798206713351155467676956314620005120510242422045958809568369172978331688687837180999001752403226360636561085219412682206472601394432240668933617894537225952495604385108980475925075692112813351613615598813699316742281217390452399963172394524624066526187488142678838066696309475562843276892818250946700374749824084153416510204532355060852980062223397765866636534409091253927772912127958449978474042155724654373149894329354637215009067821879903459880800380246261907898326400994512100229248191948509394049919553872735826181402468584700532809783031559845097217920273450979791905301031065240596684000490283179856218431916054733464550811024362556329292909106973710950072060291201988949858546387677357392666651327451046248536664263320785059913848669465965185981977785171089531400296252272880178251153334707623317480854427185460499448562389129123089840079882713837436082015541752345846128508476539789396886783845401295734179187990274456732046960232771756105446817171143453667888582143719637993272194890724568740450660934096196024057183262004387399195536846005815398531214857469657744006549504074190854595936886188112264410475322059738191965027893968405233043826244926552387097068470650301018411897876601951258551345588980871998781411961244369049426317669327596052503999421932441545879936238628038746118974553451477430545249966105024335553568313717840153336186160828447373456923641778736062910981393914612533978389970262311622783079718598016755276584991215713149558316611715072709601900021356000047966868609049869340951903228162066865821874222665501935145686377762378431632458653865297126689842649667579680098605318830168896903179246783009585427165024549379793772351662306796782267401247596657116400401862260028673414313824167130978569570391513485937997480661414142556243851580191806602786299593451176832331279793100636053480750567616904495492852967084823070009892984005298961707008001118887447078809626914665161991407950869985037055727219482004323181298203058950214748400141839401585279198371260072792989649994243435848137128959669224781486517290356457258679877021120136403003603022522790502939680841611477034848624456240024242884065228709104586672557888266567126945854347578169577475383094075592780606661093643495162710739332015507175582684448365545287090926306548441197677480680608374948967079997906867337102416956915759294076219091717036320004191326026693450477286082690497562369189644303427169902916305328330624209048750574764797725988098467419800437842779902215159217194647719805060818790963848911404715587255117497756792883378710591354486255236840748499055014643872055743312792732405450957413646055965606224379017464553755900815058368941072779015240847818444263090806518722653931583689068978654512643138706109724239063719240486629090782392683713545308369787247642927390689698928546524411649857833534460210335482265169580189364800461798682040661653575948548350833086877930079280248415551740505313641509134398448716112276976482976600152021401669987847733594615334973819938986476990794347678617867878898558081854326572275012747678886948381166103628858957587850315618360939534885328020334423144701739856831089355506147861318274935938294561633772746084781067993733349892298104191155495213881756942079280867449551896893545862815049409743728126768028477432090217881503320562096756820613410614452319357256409842736270134733184047814285231807221151735348902888776769806072236016728520980531299832448420833955913598020397735748206846144212425157257763025074697714680808333646273544316421412860723329319732269327165202451646264809074166373000211529028648664718150349953929834001647925279207077105049348356982571330938178419412043963810258987134993224889091055514472811332742542959166513866855224436475888459294584181401077957861252005161971838006502516997327446935098645537586904489404372368384950408252644472125458090603726825719631390005428119062954993372959077452499854537944570261167569814667177284684474996906031593552012281661684636694725979390886879830514743678566099419410683696385505717642473477154184685525711253876832150936410731519456680454648178272547742516201151777835887708128264312065227667197436938434508903317107848231925519529151887167182633649554567190049583764652416308788059373227346420348021419439922860688278710344507922258515358114781499683762736109032052614849508276614850685383089570059016054151685061853992145504091590405793356831830683488676232630552449828952725036494324311861471897660477518115076909315034356732848053992029254590076433170727610636819112312291772843421847482638184708904589688124388646947401499264796161012536976789243248241713623944171400711436090924266365209572399100507688011887719170317708945768798806154973079268208179624231495589048137226255847134223979225130573281434026887527032261580263634051824971393388180583699061229289364493737431965816692579728523942741806783339745601135674076484844485111451715443235614371960646444655097809820188715784277226509886570009620514399805982094476141504646450070862440366590032444051148966518257435776336066889454828078760739941520782629754678639915337748279480045314558494982396190109717847403529601367249520225004779948766347091964092447639693125228712484142841722031547717114021229923693255354011210222144240154779845107910194529656835769867498573865513209947716856498943574095054198505158712120226203152130464013365195629523911479871767434908968959246758156156390801134457601064306210728347918102694135886268005737600268538134104425559285560417625585434522532424981163687770151028064581257546921538396322601119070185433059041801344240443354297261629510490124177624280172419661046158834365572910080076421359047692010376966917595240272990590523662528244136902908991432221359026611623979192470067761789173107334489491527464842907623771418402784287427239924464897521477488416511846119170020241287580658369341673446862201501698330381176652264319182726155310243739179295974165376444543746154461383437976223650247687941210287070144356391404266504586825024056826399180254474413098485744685896729356704145838252960976887969380810503646667402800961998780556879861152240218056756061674133870413506330234094464822660846956908389350961365540426962090691700943851663919847879101876958435090074781758462102896012322356506340428577052809446466311842090875672629003652593449485073132698809313695371912382286191657831170056409759526718081078228807580240974831172307376425521735742854040641381311838615440087297637191424998579097521529075949353876364417879450406181949593292086138202413263645863992746807636901312882920380073561838239210262945311590117837651683775341714621304108482048900831219670852147524558170284105995863214178390780607621582777908537190198095963323287467329466042615012588197883327338650258284560331163826509717562784113746752890986627798673910612748307245707407725896529070321651735772712319030025165282425375209632569358148048280817648198957605124851288222210612053290198216519236550741608125741235704925495257368725468128210886312585655571159217535945985768598315822444340216927466249376854249224043733587712415425205430924386126870396355418223932556147569255820968277114747238555338843243342218839526445485027196442542478620686705829290355526196305409480348120880015848959146121862661668687837506329353391852059739294624028773784827739247984661600873814980189928506148456878056178350519506459528734453078596487981228206977210097726760679404902092744411419252276476676753589288377428956379146551846522325560793017511145414998284616990044110969128751004405006861562040520752196044025931961512780451783337624362174698995576265431678615962983978893928653671913825718803570039846027644303170845376082751053825074393252841564315091742896820325327930315214199936945621090235695371874348405303262079550126288630002099018374514720737242270528877726371854956923202513266434715716293832308543657539781809423907403344972170173437857048122560603814213495229205054442260306389414345246626896774873070020795063562024286239513721062458397741247236378404229550507491773278504599711566989985548752723279809248830468400779092454116786076931698420964629149303778282437713657592261431645220764998612188050244028129801813565779035701642532519492941178214898893118607628756802452259242624167346362489746178779988477140394553511293147924641835994029924570938438388314885453038472621151996430082738058375957084062231871199766974846545252249806848216221081531291749608962856195101251202260089939601426118499268068922420358379598636510144929672143460308152008446134131332618282072805325607560805286113574544922287868478055303104496290279183489570314817364015418428949349622607782178701212049074378402944872753001359257266907545784723993421554023539406036634642411373776944918922353679679782540476429854372531199060465571662857151759117862437362338200503688247832391987985987052150558286023403005215430777271293212851914374271478625454522800877858041722336687111043980233123219404517327417400371492355221566751301012234768350433563530979353987630170737604412423046596865995607241319796625384830697359421433673113702886534968657597886800300614887618561762740292707753833562721540106581471748380177613473860668701682072557480615832122793107324736085594555715874660112791444371940841073994566373536305037425885924993053290522997299502413971761790506538781337569337325127154281370457336426839490036349453419877963081287162807574883291634487007337326168742177965805658719677809541173034391888717496683611655697164680508483938595425819769447139295084990183814832168749942035015278029419396904956350327078885203689893746117406731914347925731385022254681864639052001967425465885727057990978954169699800924142510563616117247229875626888085322248700959042372655278307381990644943318603753304164556894232687316120252551170722738766590722603804063996735325492744954338349817414542957605258074383255885576743994892510179401557995501314710583982450538433394037407478317087881781854909052186370798404429401640359283681688272768180632523160787130288605471104024535440177330759931971371131946153499389316024848638447236305836016087760185083912101571505614502796512182249615064678016462428892787996783222768705492424188027316609996275973627640591682471678781321094809924564456134008673058806770910960491813524750276164282733434527335869868384721566959233570178495668291173428152263035604068732096819394753369239034940987600803479026864341767428454223797736578889803744180516044761787924219390772853086444075959082795941104390425303047483647564368733825490730270788830618244743760794906680183430157343091718529106498106703783694363310834793889863093875843457937154200488369717057081545332755927165534133654123631690023981491500866931126820464996273341795125949577307053893289904402176541653243009833246909337819926290173928385009135675056492519626392761131506505713752328013872414083135925058477548090227918005647277125666099418624783440817049257548227562094198272614801268595977036807131259467477651340167560530233392328774728080008907198017339828338234036656323404870498681981628706118932684045097742420296624909471845102623141099381216123897652604074420255769322967733436011608926944938932754846905813392789384826064933619260548687799074434205899157238748006673067723576813283269969966855928974064984560311934548790029825882873368271826346122584209369078474146871021460335312588187365244160194888470800463868390145279563062719356224892415439845886193243567500466267615255874492198954717512365448826631655559472904880890552445083683032353052722858423833642621094180529227186684330748220971414156515070611912990676734951292276273746214852753919272899281571841953500058785091786637593164239450967653287046310215268584617272608350377785674763138034926326553879797568036663480344928819217684613287282475031935877411036694455324242612784496530892741383725942280348770362490812143373053296782404919040627849213442265513304146743816887197581097063098771148956523580949100623779443485192677450336227515046629085319129605973350675471605587375527687142762154224598903215027393741061617667995094297783502942381828691658723582489898876366170194844476480507571823284053124126353927035715824548391334533214804299901970256820765583854306267144016995544275591622622114625183130716212789644417849763398310723572226742091677332314687794549865595214401752908309126063731707742743577287347247032417852193968016525927074698513107420378167124299029860923078170246020300244110232730087433629913599185517152365378174593136273726848835242681464147778420370826006137442710547246323784249465543835009345316114602934305119239714221404552346920101272140645279148329551482736255456062734843671289485749292689819892935213781424508714611080364109137714131062897458289940765237129981816973249715728146036637615461787109938397977286001815127398477037007163258226599934847219358644186087070953851674948386774273919888118475972379579621254594593376953592967941858304895586742043949283691774738342151261384072627870546213188788592294109367347947597526095818015219389348433595022967655070546435843086358867344873323348115445216807610344596478827833760675559275430430760973014234225030698886303973447958626556415119157622907109764949665208639390967460013325289999807418820600630514660323307967450374619651319793132747538308157556876187466756458706733290952400781359094377634727260806045208984887070250174585217819385713041268005432601218580032671157689957119250028314612994122118430593123559750322631872451398341991477984066182452980509517560360515595682363719757416834889971536146084725195116033329793339968961222995195866838488698360982550994481455760706968755393335565191417509735969466165796036062018779369428219908723110530075015013555662768722715548976746713933273288922910896761251231491204552494553850902385679966730514241567302086016032202813931106877818203939803185359784608252865549081964357511077066756014390731073250438095069893667549586157964677648178080904916475949668681497708470579082828833704960347893123476005628230866582840508606943769313277202530716240608388245967590643865007577832713125954297890014037197387342353678988793138293293433956110811674982499123047221719925016248727257231442085488626983515187523531390288431520986341979655678021422110370828043506937174402060186888781095185492148493846659955924128962881268848080859407008683103982339986247096131193546812855920698714481837302795654016876131925705700991588958811271347486473634942857461218125548971757194307985700539440609170864183378166606684011564128100342293634471014163975334521692368273564991517708438411597119213617877941228194230769384145015566317328201757586290566128283954095911538783938231920256041279249141811420227439638638856055227638346811969838187990676317806498663992783233626234466136335983398795979109101705255074014873438283042492032060966733459915020685828154274761983667741016948240941792209778211205869337959175117769271018059513970473497779062864203189934327724776915330734433958675778059443173074165975237513610644374047905172195988783528416368126449838219180513187206468477326619580101953772243935037754523226646736746828403073322476514700500284261661908356945652800659162913563133366849732651224015114328595918387067629363755242684150826176452740040058857172401773317155910355373467379807383868882844680369456803833669362448126944721099065890023776846833448237750338287323794663442108343345454576069129440427114140519453050058326349315530149551934164502220243279458368573318874886776059447730365261993599120452129830085089823670516393737433755773118477946509170394868975012236199412887979760573221506667747066471298396366140072685887837872438712793216105281169902775503855867225710887480006969468435088307701553504149434606534222500041993454844653468507613578421232111009491616087817534182341535322395478708031022770931555945655623410472976266444489901431758249261286329347256961472176754149435850193461124670686886079224629920269782711996273756277710261771073939975893397367536447791727997125549956012421960754716581795403490994487261085518347633339745268687423011105130278991712051666951830457533367452466224871755907080159028366879314455457860982790959048954558758701590969981884800344256603245734762594936987944805563556225651551633600157570477929125850317632734033517826745551915247371284802589785766554952363831572994611448150164507258700481536331100759967161546752578070183695529158458718606803890836176574026450757073389867992899888467926339064306570482188880529932389209158514776972912737955498613963323801736246969970857180033956110208264573257921978129142416581330930382594295490624302165580987151903287383383472996851154531076575558998269744172998822946083295120534850400286203727485954194682241231150497402925550843731442810605874582039585279553433002123460011303086494952120464743720802462487731239236408843386156657259358355487713270658787072060744054975902645691377417623640461611746802614156154919387653905028284588935412276107352660368110928609914071769876234205822127491890410212686518068678387662768752861318662839370251245565948068958206553567847495470071121664171876530051011086706885885029425529238327481241160773209613282432618991502536617793895293526991954048121684580228118792835949182159119963691628979441950456163662821107551937272465419183844117384818726147243175849259628318353324095481243218103411472251043570471899495030716849161070310058516259027361112153782604373631912078213020077521424598273093357323176865851496123725562025756632034622136608767735096320831909956657970472052288447869313744541089793486312837458077096223721678095353269596841337048387920222376379323999400074086753006731404892300289667466704364011396276390209832362744084121439171126857429078668997322629850020621964030458997985392942617158791679131527516054853624344178610018830614584452271223216177472403739141282316090889848596850308011856615377349527010901611967979909788815590549469090555436224154415902626099222292300247716578523305464759578077026121874149920948961198841235051715401409804724924677552544984766155725340272616294808429880744473630164204548698936960861413657318494271061744795864867060244671684751578022434509956672558727516119041009056859172123879496555228835197878462330534114074931510661825993646623863276824115084046018261740402847885146414671615135885854542461922993410078862159726711419036071813406609471086247095635508841845634735044339406675868340336196718505606792524512462786658504311179683570442392752210414831695359817009536953042648845868184361881058817211340429516286887534186256926645531910770468399519919530409667488750750998183924417852224800201346591569463756548593504216750064016363605427500842721659423680176202737350289407824797135146489446232894944476147846375508681181648003956898352576914085046092345627900599598429830926448365630650227652442929615324992392950036004328367589992831287105143824397991466759355078441690288275652283870853447011981687678331773647312591698251788942588263992439318195102670804663556495323979823281647587147374411628904115997292503822477039763469914055625675538646160727396262187576531109441554903566221126194904787690879287737994965333983692835828238642858078960992531819663658806481321770955413404890340681450791079681654889197171511346680467619493510569125029984544174940104701455112075401095714256971749789928430577568194139597002303422335092587110245971806863485071222822060871612473488482900072697741250258034753126261598787853698918098473282088086000923795080541641824866296238480604610171736085300906908786205538743738279333488569185895584172336442074586687385183475633541899452697244270848620405491134691535886944276624994397541350046910337206402153393754660510676842094514902523277914288683859841470176136018657557360615122100617808553170476299835789306028284734396050845452779054281965440055283372594839978712134980018358836447638445574496688671705690538801108651216873249413573702259678752660226431149117624402217140633625308117814466186560645938339943763406427648510883296462426714810099748459914116521645872218272941931290838000285241271980612168157456685197851523842087685149610948218322778118713813218184935963692732660614853264815628403508557255929271156303769802391402909170252339633828565753974722859550843743914834608342422506285941310857591055872275006607327266986895057353521099433653146299617676640616618542151388988603698473270568577044070737640088063713233618942251451963077336116916368988074903876667259981742470647557729770008099743844775254530599435932639351798116078628171644590079117637596527091425628941606812927765524996123348819805902179902815300834850936441829615094396703703239315124717244131676292808661976428205152406291325130715583180278760379388184886595357080961753822159173485794969750714490654149646698260168278388000505499377352667568116746770335608827607648890191728689477653996713730278593355477656080780300795230615546557703288657449581889181643786564437358775999184239810428390377239528816330186581106265007030998969950410531895971427421348675957415317694067336652417539489072653150453189288451575225785593314334763644683757452410216311709366561741832812978657195462470439261592429351248086670748869530650299621290809764680269082051084843839675809730421424662822691723569400961116099508797585387397741689006972298443040975817530917112005034697570233926956638245545005482836410933871964490337070504615895994472422884836788574775246855975580607797132557652496953619554126943599681194023806756125611712147919885987895215077709518863472644371303691748458220092023827245102105629320632936418671013222359940436421574724258415071174554546766820924202237804575597849107120526386940270911942780078616498115206432744116172112518296247193443448388157388076133049420034121222215599306362575307589238059445214712087379857014018649375548426632679432984336928932559043817071508303350782496140229730570526499663064885793053012283250885265850616528940025228143958127063329233616780190340862677108559468091830103099972610325633638698048956598443068314049261140547068250179557162132281310585983074864560224941314287413195967177869547529516479501878777716340935668761039946264472016254304309784006897781255617870117244250302344278178290373013952483840876034407144544479590162125720454210724534481483119940727882833448693883365283013579167998544958092115292544977706481112556949579236019340668116811901947483748048334009530179560110342847584791142194080264879922039740680696129248291663711924256786313241496555642739687162144168655472565572879762876868158085120986554489411974551021491609759641315988255958229324348338320570478585712896101481118992837787261472564372594568907330766592876592271256681867317270360917577285726199560472076237808439034660214237248872089928207766631775012034024447396272980464021997122928720088153201413643723303563990107145761207133982362152756306727409616083386854915819848525556552717635754310519596951664055497626496954493610179597234439011378436589468462925905688525869546237092587100514358832842732229670327411120615297218934096808771545415482701480981903404459576647325276182244058861582013857147753282741782796963096728147853044012437903447831114950593202688827242996336398363217887964104976939647472607464435514000870981045972733091041207566559413954157473181225990596252859352043499682921049175006619411687461272469728687400717844436756099390516841277275050486383209538110429160468540770085534508964461034447771238445737802385789292668492322184204100614286308615614376545096802047518155074927563129302308339782963630495047023379721398066195878181703570082680962753810656758295873556021622777554857012174621984109097603231060710116155538901409977981651977731496094842972848750784705157456435412163711527048057796831528451695656240059257667682837945382097504230536477014370627890152178105546775628914285839946182468640797639409190851309610206626221236449779482593880545354819980383221875343674813792255564949759710369196778281012383438651226445371157281105025981733425584078091911006359726453615792769450794449460335271701190464228260241391661151924280252862150513755056076398942100681377615284281000329596493878396468494358727054131572739946450539192608276190146044499661085436202035681428227090823894192187931986848669554963206883153566336226789803993994319799609040482813029508121244814322085355624057995407889667584158927678916097866840229716512044668569723260772649140460658711435434947228300733185895422530478907216516215841589858881842353986612164705441872144113970871762325890191786376811238069372960933557810570736729498156982525877536527004933344552260561660152482484494640084375203336338989603324903751484531252893102720379280071355619782877063161500740088749236871304622511611206072290698984625450309501678340076080633856231930219159167888583588568194072747367300285443989317328383597512461026818369810972186695143406881981072161892191056909601780711553953095604854394733517217561757359743814400238012693999812612978218313052633815125941089335012491884927932526495550861229478729589193162598715006818353315454969740789807503899470394190027305645288264021732816803149164408892465469641782057231157656270937079599825661996143251817715077679067225896483934123289987256312738199347648141428338150768950578920522802998642547051594250500394082843743414925537880677415758046327976516241094240949447599277897182796134009893374753686907941837061057714267484002413919694610257348879706352196938830529112059726950145479510341994023289828400144020666182728833406005012658179485437991410380647924889647662689750237044541866004799496813726730163923824191524522195019742688262099492842701071793911948870935186078976026004952453224053861641706216595390494313476602594962911593889655786204397363662799616293669321804006060497053834182931702473672271111015395101773657892294727072031562643941491849060631326063196852834771659854133219372915848289444454879752565149572080554664740759433427198537850271029853397463325161157086176176131742635787008562674232030188301605201032729439599973127791317359701156731664518222021422475081038410567488083823203546960731029087388836359934777091587907798400805805052064214929007404426544715526918690555250085229617853221580742711177518373286954338367185716848956010035529683684614164485465339181362234798730642081595808163929400621653009917240611992515588144760435995569212374245631389857350539557967646458429239263997271413882784752744694718376839282935158607156674639013824186175506321306185658659741076517970127506868308130076158616314122516699521224637429240804194578464812552393797134223616989703916417618017366514964242936595546417379204530914661613128194326042669510428473663132761182452806258286228213386383159303844729586061939435969836876924740394603302246868217543765350371906120705781214328962028868796265930118538719781526446617358800020302074851702555964305912250571038338999999424465721892363750920160446903447899200833169558712469533719126029490669796694805001872726514208564415405325435805987858917090466362013316703434925895211771905685380411113230646972391518815646081511138039939641414059916934444538832713851423608202829246105194946202310174998414347455673823524510722499956681328995722465224907790834113127107443065103565280068774567824100179422140209980524774016570376468862501517865110337873803565141577802738948245722634956106619803997870351380910952851652451310022369848561534419572552994987600882105739960095440105345632757525154653401894672966058334775693651413192261050248929777472748392119307559674016682907580057915699334730558334711309262912025405704812045038184350447141098448259033444945331394308889080251858501590104041748382629318807384746161681974394178695903506658450670622148234216245372644433525118124214994236993129527068079741850887294079659806236861144044622648271662159707366850592564295062699319571966529697348646905511477314346180210586785170453912654096920679583146932490715718346636133365332759263482727917000221136695422972064548808991048207327110252690620515012089476349094903507324063954024602634249430986977439247057924203881999773385979189307752450005858679519054140732052612719339382451781926724557509546543587172849376126136196863180823331610874409354697730886119787861436559655383419782316861267961479384716042457373674562486146494878997434997297368248045697755777796137783636230260051590288478501031440169187203854387427592487669929817921348216924939931920147648118430293553858135336318128159903587875394653496782430815517322466453654341634469525874986721982791287447385371008570075592627596627404903198779635583261451105013541438514516594438083427303878644553371776534766324816309397112088747545809390960882259884260233039694809843845454340748972864959084815164802844920362996243440748894749504465802314778272403952657441725703649500633617710699576687531048311613583672282312953402797076424341844172124936142392315972776326284452085010159744136386400782383201442073092112738547847437786922255001155338765801538509063847127110594170701509826146506908770577041873881161652855925896920612189376055394358612415336414424240610266277516200023537264115123608012978687022360235322048363119733079362203471743780673732983825293957938154685572302959489324456706589677889455935682218331956844565543768676877624282544646697248311682572479633876687546207097662664705546260961405437261875184929422600380300284100247625007297518266801129299011817879261934659241385147006823582698274571932013859959767730102614201087613540041114250511215570621183647695122844509261087701499505038786700844496906788955136978939703827745372731836986999399786056522165062369436328810875214125913047028949960548394190510446684027279639482748905397273977715057961606903135124847267874132127146642605205134763957869471229272370858437317004525630059914227369520318337568504896162185478631916866145006298699444059224461478152964782743651838170067898718708106242965873884648624702066643795330880861520403887017724405928216872644527273985479321224046155334189868808231797933726323458108450123788666777198537608680750471540138559846514425987470971140528007381238547007248403935253755187841178217545814308466982466250522806417815030874279385327310347375453413495496136314827741588605197208132888049859047641025289468884684677697790578670938959485212697720551315440725908535189319092754753003422688922312387423785597878217026067622476827598503525602195851339130918352837292578815354702062079901178999663927549382183557277659878123910401144660136193086617002303457682474292777910340026819845715059006738391399351694870766607105988499055397861346671995778522862310336434041780357396611020128659339283821368266164969149993737770671490467584868742056304460443080877559960003137589624765468419232883488260024046416974004138649822789748065779534433331489741285856021265742440749621471688182072517023286168036030311542898832775664258792668923088099898259707734011120579884595518656034961200545530750586373992864913561099053912503433385047668353795792729258863438963967731144111822460411273524279418753456604734281006143863741847786808337846996495750815667542369102737738905730529526386129452183160868282461597526105299650979325589962092081801418034776243980219994697549634659265371356258006484776727111760936683838890701270320754280744414692659336586274214650079738414836613828934803342865909340980678454441572924701088994363998174365885594682044301199727424419944156703159202617279093703844802339054389265199525829618756630234131104925641408125361268249434102764798656408039932015701204538999591449534848992464787663370525196373384429280590901589267399201501982853237424654122170898974248781556529774245648329908517644154120995558656295379539507150072344360856192814378425618033612046414916370983766374106673963144681661396874508568330282210976726808752638315562939154242682442946316853592818933671127470960805903126824037973931134982135077286934817401281538521594236413403654776903680510497562357982791696524184341751811551693323615409333419647815768215097090161991272593194370423901826151329895519083048156519811506670787443262600539080547416392549920865883936639473159247084007858056424857967419898242029079260904679198300157786593860891498541761412372027819193213999877119868427454872940747294845058080557614983975631133204792230388076214814633264128630824216927450909687152961879099042617285573938166892020281694105015746802307264112817163893194167253805999488338967046517985857331029129781234057484906962116755082212826504426979000927669451338559033994703719284088797019627026913571955210357703513136010888941054762611533769839246010036740075007511536986143696166646463020268084564443615205504233175281206727017812342951217487018404656011660589916163196468970639764469737705136734592801812339619265232281070849098319564911792214881723601552696600443304807203092370374588503953490938463364745995536385629325859886159298056071990093124136355635111255302998453084466687561465746587690310658227261330983538859012358209909343033282023196983520789272036996557352090056024947018436691880817427257862632814368568957555627614345365020431882871470209973420353789995749114304231575553869712691848565713678983067259418931849579790147175065758513995978471642661425715940869369040231957001495900521066296719596505854140723045310593257313679061557111630422999655995565873751836732280971219389344605018008349987908971169684562640495433132570416377713953717299821935009884777378192172749902343788829646258461233664597255298374560087534774915120818160556438016699089628967474182662859518558457287611737683897955415981935414638746079157842155895399381655998890909040171405432986979331988211839095132110474234587055851963196430590278606461399222269894124069935788445509710473396732761156904360401974670022475574208035790597600331793913420846273414466643780767224260042434500124557242890469930308510895387141481870763560871061352692568472179685441295835846525135611267603296842081897615707088279245540650376711346594947620263832828075571907010965056630805475626252325379881981228397368764078299175369285006354053738346944699653014873886419101453292314861715483413569038227444412289804718928311988401105905000549130497485976772072250187747361308767046903840879390924025572198321961140331553321410098837527807200616194576907625761313983414416164489257032822321640963233863512409530444923861918311137090151452722766881535402250025771237285796769534250572858113643943361591208636010865152023745767761375296533041113373872293357218041034093686432268803016493637318931687321070904995488636430121115734504654618756792210329529048535011383461086784232556672877309052719868090828192990025207975575170204642913676203777332746347420093210944221730237446945526431375654478358344878524612703843783574441234940528790993289279181647991759326512809853621024378257191488521964829798065633499594470797774688368981610037711013618318194735851923913986259675078206209390381292720559954726580068197020129847917208038200329304014576611957331848204026626775535066420386270680072611249823184541181056783152136003864540054680031085014305040492726938101009360283659575114967192858629590908702662903689349444989919240219325148933913196589888981997318377983226994007063128244297144458827841590432894565454873533598943030315111948870093417230476672039300157852027986193651777997079890011174898446650330539813430049970999894954265557695232407189165214053599387826027569495645572722006788855947245251916794172607231848853730373658741789682267986805430985441265880696878275423041696629943300370736601290078669838939475436244705795435145976175647366195987040607272054106383234725443114866960319867309230141372934547517308390530324351856545971915206409065814450041632893329753544923922344203318633284631519463788072868297980831390948042898739549504235285779320589696721142588219800065754713493783424978989165252334685317946354747592159377032523045357552065346726791363477336659003801046204165898367386351551430973529422301632555619871332182782403759943036382505909271980856595637115849397385831225265441050338580267388645484048789823024307001680743752187092837291913263359821405243155606902596678190357471718042943343252406260794278142678187775366708169140655473837323877886712353437022830056490142321640607593119229764244955813472461131019144747319642023666015291363137185843020210151313839926815539543873510174266449487286437653932291499470370041470219299773802407556440264280041141501638110214604298892523269155324581482651755716164886971857167331431884372588066392536830377105208819838337548734817687233849359989885377134034234370599804420700247270047546687250788394893286901197741520329144716065601766199097658722779270312994626159917330335814719044221169402360482590925324058185571007904910845590734167223517116841889402162153765888014714326777593725325779605733185160339715233783263745244010426218862156473926098435410315691657142961325433275488550805320734537783365753490636090273515916626392269932747562145355039584189566064587449225218895082009678742594463235602848251996859834067237741161276183561908151410324039775966702694633591638096047129827895436918158763861320037422842983831791847675387919609273202621966935086017825213894490275196022245329666413114671679586690588628473488165271836087775078534723675333744178554725737539209415871094608716111490451823551931688619556421335772301415805308272798622987678921040794467524263779564128757258241125124437403400371609418497025722380051463566300452900506797821261907170694564682625599957296438825514422486946639594060088379842681575525586133765553280076603152214441208577900595930453493082153601176608213881608251733288598351676404431099820253911131332420457239572179431849153257006242318623558079701399772284068619150810910676528306118021257731977576823552329336736185873175214897852156716126191999862472617311815517133309516131913896408341341823314550649845376872536575512073658770187114121469814663396537754160439709924946740767919372460980841205394027543313525807921071425504946559248782723971467373660567456060510803492143718614021269339193964639814443853129151329346454481439102590336141062941618323935562790601441294268460086775633427240720699022092273107058816326087186454352806519859221178032999927444016086551562626443518466515662847726097271406159884010792694166023225228177733217888595290982513283877202268064662071841823735638139965923063580714128570287499525570042264879197013409843654408821780387978996547009257364931840498753821961958546115491726008450367012818854985112052502436096376343392258133193904026300543886482548183349213193137323117657235006140392548160874702334508085074062305458929053589638497701800201284464858017387263016408602169486692886548228253459619741438798540310631529804338342963080870169489169330961086213742036129684264661382374070076056755918965193789714943322546469198806626708677701423577159525506142833598996071591068806760520755172138847312842786150827832612759111339637729087555053796196545343581488909827326039960084263282946751609460336027426282468336230993794010232385551474498394767942995938773050638868746570374749107596181080731651503268728623707360690198614646978973460631863531019990948806297757900165627833303476067987755173692857058502795041989721830473168669967837597845224438727686478468113877502406992064843580105718109063602417544552456099320667832120430973780603179126983654966259567359259435583160493787201627635697825120451665602603826016801619362468064173338805924436288091400401843094203115852659704292025665371727281807076560173121585690818007267675395907717246151941153402037049626381429426049955776366889400729682018598863475931611194039264540865334843895102561080041400038084646573290362813889534706334818435233767918078251709727738049591512980258179058873004914219614183741829652737175138871911493284989123932568160189693346692235568190610719118407707567058231339228710485851182539634954595856961015191352667326437195970435390042953344235663494559798171436819517511547465865622694073082892170891181039789822653379384910064843814636526797126062504121346110666632261635724925895845627953015304353318911553543421910706095330316753473395979537027802936623798684039955692286280261694173563817157873721915461115104188449586514647539684590504300306406795893686393377329301398006513712189947940710918696736072976829094928906707793627365476568598835035310458453380320461150253829466634570488941109577097594898007561436979367472560716389006344677069326081677396041600732931330471860026836636438931483283718660239981964038970057978992416591348045005804232935275935671829518122196730506983381960443421163591952526629219518820550365655460299802631167778720839341232129947776788113802070445316700229228439729739374305180352137405124689482473930319532541792834943776932019612973753182025162934468487959465080040906375732167139139195507990910140371821236045948006933740412006425551577799266545602552995956467391988178572641965797923378368335434422807632623406407230607348642561049791537722306787547341935424113641538303724857250250671037053639437781454163822668088170133123765699212982109473944463823074218556654811949996061242763526533364478447615852183102137835097067434664222987292697585670046052117787569097819535259639331893305189954533589485500883034555451776328035342923503688314848512243642223240596937661917599186336975543249087203552941636147132122989140589102077867561553679237928035673090223368757231629607911135302316489035046250122617280146733823297345807430221818410443966978204079126059441209542821605487779544202050538301604462707609748018247563129357296365492517233378696283194346594448760162159309244816027917448843098489786226505154411755593249133229224888978701062768309693633417779742761889095822148791619803865964541889658448076689822519853542283595600508509122260746127161347382900723625879853702008045593290933808081038406403808437533581889211859161767952495927764417585163349831002764878886380330170078236178977474303043577080778289255567586236132778455107137350140071958589365680158610174162484989914920177555244801200356751594741156120569541410646245982222201525374499045777109327131780905039881011214839104207732376047482675860887609389701268361821403980637699497886125475699217280055730893088743718474911519427498981222295517448568939190671557695484568942780443137651693174857727696396027546507507759949588361145633677931834634944104994934336511316571335474278493613049057496022534166740309569340662859187717745190060889790244278092534655742049124432708272911648331449526245564206044685914160126966053036281779668069879123230321673623067772510997102881397373691685449626610786286147487182797327815236129386951859852653236550637567598787933133161613669039176200195134251357997050528141247650902027848185184565007869390634369723797812399584108789674515678592830741342486364309730605791120411493301523376891356843895333480776176159021590441172153514797552520312930604161326757102216049379575206734548793247635999265582382936007427745375841690010995857902281339299883265708786426696041032530468486602502516462937298761058317724795556350859465509822764258863962046539450570051147164769254934162620285594235885359804094010047626851094385602556825803299930347069180496424431783948210766679726076346550553047426721216375811311385671235863383885055810179831803533041673455621811300148769718569424796853158947674033124875744729149060261501927628266510730977677272201663492212979298791775898636232234277362066222710923351453525413948621836672163582579896738581346583796747735026181975547379033309601107088969150523474837874683757977900546852955913610589463959729269238977398491709089922609979685246505350210692592965625684846850824686258888973599197023018340616250810955293880954743392723550296696181355261911445357443494479906167704140820677222154713815804432626477013954681621507343727326216072180962776687060133779649908130613673415390956730746988046555948787796954141749931527210269928368167296450765524284771763882312705112649798219743687303937683160667679664802188031156441551744125077840319551126773783358633227651640966783092815030658646955677693369258714178078614118735955655618846203717852426414787215245553317722584995772247017805436674500841648832593843303888620699975619859251403349927233608081064130642599841848792437394652118733233247894960307235230460384167890857637719927416828710957899419702895101254181549286019340672219900936753653056709779889257844539893685787766860429162001341771360485852135132542945445015353430448522024823601475867062762945824538001481948954327485650974120141386667097535437816637352509057210452205335548099213896507180471841463350948158332006861280046120678246053350648497740133565640842304626591795559469515214266545747980499988397604905209046924622443994525005698238239484580542852513264297491589407795746397425856560662969003071739915380879960771348189102334381312830958667603286159483217538592646805163146912967746823589455174201648174936156738918733346746197077621618696412613532934718925709032127297186286436525860528015175828896946445653906060579847905423991142081689935823861892389512307018015127491846305530342791447045410161648540218402981432089009305548463541047879860558399218223190247431165281252522452746944105434418389567182934134740049123054523335031468469922494466669993320454625323165847258204685620652822591782738979543311175433704647060285289136949896646350630515797325935925063993038041904193721324594528619069476637633700471231368715201112394544286520357204082769468790454199696752865887693740676990993254055700629431597500128730490978420450126458148927776840403714321030205496594253160571022202936483651902959799636017058853795890535388088587622661720245720885793501631502761324738173546231003391717621858003879483648602687854503919944376939502760123724470935471708376575229670071099395787633521409171600605684754146419560241224356777977516974273873157484357370105504153112648691561795359864350976972894282774988304451692301265154725719861652827963346174239835884557002281786908138293972566083493887695227580275300141058928864798882409689139298853509904368689453132189710919175587235166568473054212576577069859659414519098302670024224780236323401665796463699063716794371283420359583844849456099687476871392343153969071227418992886473460855470113645672866545992723707797000957286680840825708569686161764664432686868067526649484072779550390730664512399691135365782431258691949697734875654577038225781711542164868403354889442874889851194947170789542176268527247272545038543320053385503977745045731084314839639189604239840614016989822382249925665986599130754057674438474743672189050466104795973367492275560840451802692968163490244117997184045221943651281458676727823891725784558729071629689965233400602028064085882027057949720448950348964563087577508205182720777957420022054281626200823148701321379761722872850841801197466929180426993414665600190641235449724594066482210492685755566412216996499400936736266384157928480450287143610151343970744509895779084444447843200100337725607445343134529851919651093918031837327390026684575025488969299781391561617369955189363803253018138573698503764385133244110267094740833932633132028315750998634879052308655564035127224435229984165059861530291538021765613324175051451713132102163469010622191915972353107925159836667363459879720487322535083386143413953632998381702212810432218407939498499053048400670204155240611022537688942923172015018446394063964382798855304496272675476691531718971064130327378872985666125386169844303038059269957509072482873460468756770223541057637663623227622989851422204569200026801170004168279987885154256981386576521801658844700412318456404992965524011553079032126857195571991662495702583887582669659890335222192511289654972218104990387509461763217576008470210915372720796093673965030374221951435469646762601570693392745900091670484187814617349197436432943696600727772443568675185542963609543094305525717026373352182907823354654079654626824049557817522501683102580161542563379255540547659112074604798596242650887708622450920099857318882743500419060195100865864518024898402833158714213851023413859314962287744810209559002907967943209192776156481323778414041535725844971373676648781397220994642283164266931788340357835354741373718535000535225722620771067246945462187467413254409998909909027444609684101891035954687702584074851959534369858848851635700536446598765547776912054944431822475021512181448848836206235253392266866921797026275995646602156857096222613014627495006708630477711184335881196723988649420523364707869719919108300806324217734776403061820969712358496709205335121824129335002328350545638905600170654098890105993026441132874216461271451568728311485392943095011262547729911174758736116892682246280936266967126796942548146424025524904479348507483631961964219836831170485901406132378167825557359119514571176270572407062650039093463151688053709932627389970495206033467546900166660947658787611844745482646508235322331842908773026469428330221114942969229659772602911401908387518857789395204087074874762920836732986986628151004526251540652729944177303685195281846755375209606410039690686177783484217412831729038299233010859287033937242620095265278320880283638014445845310349829793982545921579910771970293907082742196551474445952996200498778250467482649527043110746341103578969079098343994390344494078318079650357683596213543918720513700514801375529880932991957715009971045640275292705013362854556023314210079590058123164313502677069375525458720514095277001530992807180621517775193386149780659187984735772938631973757370233456501574012145268942351613321045574454227748685379361165171839722757135042888113431497494130814827119884442658692128525327513542292046166214272805390413189175268558836822123959528688239751600292058973055209017188537615389207087170361132258333366933884560890053768193715349051123276626663053524036836001486018666220087763280290887491738943170345107628122555924063312756768217012112477062184871287435300163771543605959297803778504917587347411671012440699818231119551843719340915595067604570197987315848883549899629908325072653102304720998516692424498857859413428114165954954504877043327189773163438041569300966934672340729214367197686025417909695534402629910456366154066318903449574022078159981951828417951763426920996750996977075521463791490338307604772446490359351097560353086121159218309507941732272925317966900964610727997049765102426220736862076762354064999753086880068774987023908391736771850031473169950017288214758396447205840597729239546568654519846599463123125943541191397255179633333700635853443592103611067647186663457339158722610260499852573744693581438273490075250344700666460854212891519454581537588443287264359896908129986335830880386109128682251018566825544426937589972534183476573477990844642660864852055235533113082850595038083224316511127911246835259894732556020642603859590448481335689742612024565666978037607630803828933058545165107083915080372389434470863419166426481966574135681825528036796252171133073192327945645151491299709815362929791805901276909943376750029260828564605344468570822407629827463121223911947002186893393086612800726093936505065892457134725706805699933543149494770274955314519550784125293881379944739011117793353982247366468621375853410522751940121688911850126447342866506338113155010843179829673920702593571931260923530798928574797527345336580098792420138390809048034340596022212451712576109594117012747106441996908553012925018482613009293956881000121915513988033637001827860335851709201666615062503710288592406611384963402214452318289784217041042679528104944700503312630787504393570702298929819022519259896856719508207958974001366444808748075321624796569449559987369399576278736340949533321614442771117570533595570432341650287649420788550709229233359048595197707842152971528622752898956717649758374141170696614670184223799118324585096189816465836846723283559612640664126048142972042832070301850632029216620510260227806184808067825788469405366799075670307750722757119638834068743750720554212845693055325479760933032788559997014202911270930101693275445773651821465251961373363059360191206607704853226298570392720480584040887176464873193301516446703943711379093837307277042863627159718973530685632712182716164979225784450017728479398488978105801980373858021624342116450200294788649901591994922627014941299959764920119186853164236538741465820122017599332303490503345316466769013959614834588542788441058095888981623055809126654664309111620408296606547385623415478460885948806794580239910493426726314359161226420827629053079649210216952103308982296783227236468408405694167744720692701247584051781713159172836334038922554894232265853495410363309494857700174182640211002156308489824575477164237409657859262365574897128532881320936655829368196005096690420748278481466347375285630548219126668545844139969836032841293470471566990101163874443593706627769746333220818927508072014643358746661846681944471372187718941079629896563737853771029382039159927147614426672584286999621864631316456341649026678227739405640627516012420652563684290213305672628824449725999412902082043539869867288371112613381367749391186156165671596092700232586709738842347857441080937197091722327049593624408246367931028734180379842818683723677386935251367330587393626048306700560320256241265148507872394989604457658679075790870571287377021898674460370972578968061529889528817960606678527900705996302811407427398712653752126492380745227533187134353832965137997449148562690501631589271688166413123789702724724403417836485926045304328074441754121566504904629847730581824794674607738422098640878661759651826939720819682799370211006282658289924193780931024604836865636962123458675729317397443611104013040073671842769860333890299288247721956648398866881497385720818258766061874314671601466701335912365029768234228291544302478607865343946984908021875145855244793435458119482269728742485036439074192630115246535730932751900023209387998789505139097480999350066793833760533483646026997932843444876194397633851290477984490645083029292761371405412307344185219745707666468110618058239744434127472089957965146886799250358665704974795361935276968991937672058434905838026234381123467316942580879609424739552406155223407516145520767360312645014169450455749198508394036960653780048090827204333393657727969906496783028272752164457612943873601691071811315715504436541854774910969700728571458960074841140182464142037849388673686015620715914243043128295879906170622491380869416070006958658794092738650511829646442761000857607664158056520361357004817455099680247191371269218004893999563880910309446002290557315819908334713025467539853568386194677082255522012378885230037041480138583629280495597549395245903329587970112952015497791342426253791505945623329168853301063280565799840212694116233302372700049387256031249299960088395795086479795033557665611099934366546221543257349602708682245332090016502473280529505046726273660905106011278319067951979999560275644967677028159743593048766999777632609478736534667757144326313002167914378707611659582609468160032871943598640933109609047260213633756260203055329607735047035711192254229936625137938722812130240356711476570487732309654209460295061322344875933806590703322561281816342344183831159750012695967618818620809159537842273039345285550470401914402090641166428526749754669886075503061923009585573084028625754741239468090766626074832320748293891584650647624346363177607230344721238224132773195409629634069787287860086990773830690339046411232109040635948623185734053259574687773911034471832659666650029381848131304595758122936994765905778333188638692112514319839275100214146529919998178729465194822849346862699265109978762259495093431071118168867285392949130897722191861065985371847076084609786006893267930538729245125429355028848590725243963169598172882746881918281316583406729237783883152396737876104010650844603925831671928837213863453355815420012360530914157868317938183264608250612009782449232972458877934371056792785985980906190300871047830799314761813992979840691412300553611712770268936286752174585220818450230311456115637636365904717897644166357096561561081980338401730619555806242539379187728334543590115792491134274405723067834100979343499589311174054070366312195606584941783030276326826801101950025735347333638840974041657523700449858070377446897118315899965682582917989556686469607911210701937656628333882837115056542971380839207904681965206435690810227534197473856077090979833619035966221579039408925776231751753200549698946121813920422151600928597944686448278511703268707946291544307803621922915482329729083426991567869085557649360494609206604826819951226892817393746065826335115078204417058872812644203944290713846937166712022309779937880151559951643287390910682293509997217943179303527108296364683445783040462214277801514530975758248726633199232621399934351560573232057760837913320822667989458035168758294036833838729390184356788837839661142538353003186548973295729977970574420668164177976522751759573341279063588595366964509317273010970085881330102499908551161874213841086998358073594689723794010850950300387842105151200956202887573657056289446817230576583546870903660196295035241363259789729193138946565850813843901203716813060729824122718603770540515766788943152093256944598542830824692439077814235259059094031314950462474683458306570212560236444170545200527877922348241759013657242157105324374562819311237240621763251508316295351437216595634782032592661377091580556579757669598996249087639801833118794332841488372249936309317240559119665515524240115379108523903496724144939890059065929518260950746666977175103777516588132794571193393345408928070750322422907407775076969108683841756263815234545277816381814982365519910410942974489173841159170190055577036191373480134905090138246084550282032735170147599867616937022388340862392420745063612140611739801868701389045312134766304115126035799729084799944913792459190838283999369579469062591447241554027125440991338056544491643122807352678971349278751835827708576790291842467258323548535686352616465303221911049702637981280286422600395581660400727898429718033761069450446924293161039601139436740874764094557610338481807202135171630702295294337448040086149588026973457163526876929012777456974411724574900930893874993333080329156078692222252525400210181865720866723942373925472276934575200396347060231833159789834766381654961211151159028198708487876305187823369747607572532611556680558393067749153625780132694920846942924316245467501283844234897240926448279719733692306037075168737316948665642615165415483108767530503694650565141347982474570577665618452682190386511777929633069668273075651864250675279908486494093912619518720844424873557311126650913452854546222015942776273574056808607996260889275323714391448173927409304960827437523451528570189579004523258802705534759654233808269625407480909366279668749304915724968248248436083046235318323992538204384924909695543403517180638880732210577082335629750277510008293397774231732171367395881225722484704067708508092808152479488483611096177603314926433200765272647193813529577451639938154439008320024232004170229608518365269275207246317945377585836948581572159345067902285414626044754964573294965979453508289051313450830173844005673598316300554907442743663776968265833234112369316671480248329830238045085779789451447629983208593758972024268783193859360882207882951030892482600081135945363576323158359961259897197280057700833598859208319077469212571818475607559396239579371038300034361598215239612310418910805184212063518716162640216204879798698705137734547015367593341713277579878011657610985243283589735970019850494663322946050961846294383846201374446108704801236342198836420004665737855365251718080384000203212575904484233912163079724923921688665667374708783588314258174196990499421604695203780678133627232824511519058263447174893377840100178422738748752400467504147030272259170157881014378318959711993357439779903521262807947203619440231238198763637452957727105366107455128446944126368861407519647420836619307344568746156511486620873828245258287255531335575821468750499324370337592408840441140648005056731315645100094296123116163488190361322689570929587148982118568554581994768830602960273502383040945513421527971436698585049328765050681778815542791878400515503363268751352463408913463217559446996578257158006432001066538614089741107555018550046478450911826449406540925781206155636030243837735247916474988232624340568136085562205648860599385187535645404057256038343095959887022686995620108328223438003034943608779274583620577320722430302754530979926429583429045104364351467923179007924887095416300812177378369405349928415495334423917990260790448699099189659231675900512607845621617111848614122932645246380315309243796262274530848532898719304530238424069265105862612993731054012655458083383643004307390772328055475268633361370356061615748913841879810288861095486182832813496257585407972712257444521061683944821560207218774330849313942397113275041980416595856562350254340494118875152209331133991484501765225608630356258905361521168777190800960632750202940571560216817706236695207224389099065776965650127537968985355143516673366122124861177594348418636884335463793489423113955578082941614236107190757008284228568511363252824306046853470948072662120747226823150068131824209885942322466632357284101551375723522996625240294715598312356097060859312018402883881095596858726342396320163175241149492985994204573982177578023212553284745226509651781008834813440420040652567229113584609552320912623327904841522862105166268125253896543063780436899198418738247562904289387362577152368789064603794964243509268315069233133526842221571868731482321514518696207081071901077791426370354128165177767548998001189651315243904976914734830418548862100463558559453241998589542425482431246023416635549982313266033236319142975531057792389212640981373758432456829941174271589399686113513972852249195606981600049156289604338828150538152125213768050462848861790028719122579384280000697661645678407603158951003882388058114727061941438240692712271456320831874822871786007092579094348251721510907280376834500696662785210425266906715783165138475449786291534732379956991696019520105878077027412573410248041622102015620286905260895432735688191148780770960786938132602921158810829013123459020297652350794971872540178675206976287085278875788409039023763984067678822147020409249505367837457999445248338834883701882104504491523362864883644823982227475399654685660818198565523785130750466871033759723152891405317387725096919855086829485597172372740940896420483284180878921214663995707669757743060473541309622404606458288698064823587331911209794949260696826157651157572308892129304598189431178784089449238982643996798853005545169237383532767679886316545814931239980465013756613155901143783798581655564377646586694833354558572542519224216277234914905222816624794990328478143501911112622043758339555684914597309823180375114606023583567090347140594075607906820522561900956460308416868947390873942009661664967716244906155068180580414871147088977082604034936798926187538593839658333208689852159949257632205148794216241089628251015834862566456044359520301460880327374533085630789841185010272113161111108068361496322077278811825688748580980128809564559370556382648283677027658310127701866194299376066431815175528276005538935617510152148825210586792762015482934122398281992558982209157823640697499033001815345480721890409664898063701525319016525662720266293237884613392978629472435037845965260542705130127632120096136713927524018682827460252631220055220757273063738839274845499531378233306189590417801283750182870832268493972989461944557633517300013954273977295170717790023623652131936435587360941655981334372288311289294434258493481153947458096099391224236455180861821205569073465592849011509307195624305883151750593475744781907621540638955337877635129057290373949076616305575210042199453934239607939897604824759407399214941234741412759167190437311923969515701744840283503414709839015081175648791491227611587970496593228507430329738868297192429537871458940626841614431700487119517459078488394036094822111636199585992307095422018662270502989392468876777489555101830066913688102284296904592414842977910726244614236967999633257092156453801673220275783535063036760941068052378254255745174156282550029339505187979716488463196078620028010068929472338606077715741250273854424997704289698643737804844262311804374991325080091432603321996723942462875960153097796575477646881920156704097785427739224125617429716120591559404195782277597760254436469888522849079743262316609887496661683111487808400255877838744675516273158773124957852983205373863481737525277216624789712422728781259288905734112126083372591205786618084223760717646909937303498573856363629518529581415134162235583004849429035572121872620144324452932081346159059909459575518071608895698125236700451164219121200074183607883007120496524085637777341878265773816125190967882999769545414790857771834460760987459375687243715379025406357806492421738151592694909862522740888872366418831464560043640321066477094402508808336433382404426477687367574953507918031816872397439509455837996842134763630258428262118233306095320210944953960775129830578638473504719599873465163195859442601084903176076596909940600976614120396404712453131173618417226248242600004449728157008430023729350267794141419053786405809847297322371424139885995634367855947005744200150933710801876707348394131073959474674387207592130023818394908473672486194819917343140334968787036848261385083112041640983306422326478058634731468915358389980861194064445588247747712613046830659268748923106808796095632775144782893672111445006166961749267274044950267415446240026787564659278493598004991660295876561852721270697332214151902978278607246728758921752962804331091110840571956695649230809574277417873903479345026334415400408082812619900557636928287744270639180904112902048191226087072017158347533530143885974139216285326519649985551834722617699521975226762082909139997608229354210891548266298355347119591258797454004641315160619742386344382619065660752894850763253232731493219100465928576199349343351375724422125555083529245657108719321412686980708493949510772507207763010185611993910815765363756585881161323962457435366482750565782966666888379246618368605063571524436635251076468135995706717849443144050293577095415318426339726369912503822045726944139860387816443917438902554484492112521254306807528627988556555526115103799831905248721364792719528742092800000000000000000000000000000000000000000000000000000000000000000000000000000000000000000000000000000000000000000000000000000000000000000000000000000000000000000000000000000000000000000000000000000000000000000000000000000000000000000000000000000000000000000000000000000000000000000000000000000000000000000000000000000000000000000000000000000000000000000000000000000000000000000000000000000000000000000000000000000000000000000000000000000000000000000000000000000000000000000000000000000000000000000000000000000000000000000000000000000000000000000000000000000000000000000000000000000000000000000000000000000000000000000000000000000000000000000000000000000000000000000000000000000000000000000000000000000000000000000000000000000000000000000000000000000000000000000000000000000000000000000000000000000000000000000000000000000000000000000000000000000000000000000000000000000000000000000000000000000000000000000000000000000000000000000000000000000000000000000000000000000000000000000000000000000000000000000000000000000000000000000000000000000000000000000000000000000000000000000000000000000000000000000000000000000000000000000000000000000000000000000000000000000000000000000000000000000000000000000000000000000000000000000000000000000000000000000000000000000000000000000000000000000000000000000000000000000000000000000000000000000000000000000000000000000000000000000000000000000000000000000000000000000000000000000000000000000000000000000000000000000000000000000000000000000000000000000000000000000000000000000000000000000000000000000000000000000000000000000000000000000000000000000000000000000000000000000000000000000000000000000000000000000000000000000000000000000000000000000000000000000000000000000000000000000000000000000000000000000000000000000000000000000000000000000000000000000000000000000000000000000000000000000000000000000000000000000000000000000000000000000000000000000000000000000000000000000000000000000000000000000000000000000000000000000000000000000000000000000000000000000000000000000000000000000000000000000000000000000000000000000000000000000000000000000000000000000000000000000000000000000000000000000000000000000000000000000000000000000000000000000000000000000000000000000000000000000000000000000000000000000000000000000000000000000000000000000000000000000000000000000000000000000000000000000000000000000000000000000000000000000000000000000000000000000000000000000000000000000000000000000000000000000000000000000000000000000000000000000000000000000000000000000000000000000000000000000000000000000000000000000000000000000000000000000000000000000000000000000000000000000000000000000000000000000000000000000000000000000000000000000000000000000000000000000000000000000000000000000000000000000000000000000000000000000000000000000000000000000000000000000000000000000000000000000000000000000000000000000000000000000000000000000000000000000000000000000000000000000000000000000000000000000000000000000000000000000000000000000000000000000000000000000000000000000000000000000000000000000000000000000000000000000000000000000000000000000000000000000000000000000000000000000000000000000000000000000000000000000000000000000000000000000000000000000000000000000000000000000000000000000000000000000000000000000000000000000000000000000000000000000000000000000000000000000000000000000000000000000000000000000000000000000000000000000000000000000000000000000000000000000000000000000000000000000000000000000000000000000000000000000000000000000000000000000000000000000000000000000000000000000000000000000000000000000000000000000000000000000000000000000000000000000000000000000000000000000000000000000000000000000000000000000000000000000000000000000000000000000000000000000000000000000000000000000000000000000000000000000000000000000000000000000000000000000000000000000000000000000000000000000000000000000000000000000000000000000000000000000000000000000000000000000000000000000000000000000000000000000000000000000000000000000000000000000000000000000000000000000000000000000000000000000000000000000000000000000000000000000000000000000000000000000000000000000000000000000000000000000000000000000000000000000000000000000000000000000000000000000000000000000000000000000000000000000000000000000000000000000000000000000000000000000000000000000000000000000000000000000000000000000000000000000000000000000000000000000000000000000000000000000000000000000000000000000000000000000000000000000000000000000000000000000000000000000000000000000000000000000000000000000000000000000000000000000000000000000000000000000000000000000000000000000000000000000000000000000000000000000000000000000000000000000000000000000000000000000000000000000000000000000000000000000000000000000000000000000000000000000000000000000000000000000000000000000000000000000000000000000000000000000000000000000000000000000000000000000000000000000000000000000000000000000000000000000000000000000000000000000000000000000000000000000000000000000000000000000000000000000000000000000000000000000000000000000000000000000000000000000000000000000000000000000000000000000000000000000000000000000000000000000000000000000000000000000000000000000000000000000000000000000000000000000000000000000000000000000000000000000000000000000000000000000000000000000000000000000000000000000000000000000000000000000000000000000000000000000000000000000000000000000000000000000000000000000000000000000000000000000000000000000000000000000000000000000000000000000000000000000000000000000000000000000000000000000000000000000000000000000000000000000000000000000000000000000000000000000000000000000000000000000000000000000000000000000000000000000000000000000000000000000000000000000000000000000000000000000000000000000000000000000000000000000000000000000000000000000000000000000000000000000000000000000000000000000000000000000000000000000000000000000000000000000000000000000000000000000000000000000000000000000000000000000000000000000000000000000000000000000000000000000000000000000000000000000000000000000000000000000000000000000000000000000000000000000000000000000000000000000000000000000000000000000000000000000000000000000000000000000000000000000000000000000000000000000000000000000000000000000000000000000000000000000000000000000000000000000000000000000000000000000000000000000000000000000000000000000000000000000000000000000000000000000000000000000000000000000000000000000000000000000000000000000000000000000000000000000000000000000000000000000000000000000000000000000000000000000000000000000000000000000000000000000000000000000000000000000000000000000000000000000000000000000000000000000000000000000000000000000000000000000000000000000000000000000000000000000000000000000000000000000000000000000000000000000000000000000000000000000000000000000000000000000000000000000000000000000000000000000000000000000000000000000000000000000000000000000000000000000000000000000000000000000000000000000000000000000000000000000000000000000000000000000000000000000000000000000000000000000000000000000000000000000000000000000000000000000000000000000000000000
* UtilsJUnit3Test: tearDown() method
* UtilsJUnit3Test: setUp() method
* UtilsJUnit3Test: test method 3 - testExpectedException()
* UtilsJUnit3Test: tearDown() method
* UtilsJUnit3Test: setUp() method
* UtilsJUnit3Test: test method 1 - testHelloWorld()
* UtilsJUnit3Test: tearDown() method
]]></system-out>
  <system-err><![CDATA[]]></system-err>
</testsuite>
